TRACE::2023-01-13.02:02:53::SCWPlatform::Trying to open the hw design at D:/Bruh_ELE_ELECTRONIC_ENGINEERING-B_LAB/Lab06-Project/vitis_ws/jump_box_controller/hw/jump_box_controller_finale.xsa
TRACE::2023-01-13.02:02:53::SCWPlatform::DSA given D:/Bruh_ELE_ELECTRONIC_ENGINEERING-B_LAB/Lab06-Project/vitis_ws/jump_box_controller/hw/jump_box_controller_finale.xsa
TRACE::2023-01-13.02:02:53::SCWPlatform::DSA absoulate path D:/Bruh_ELE_ELECTRONIC_ENGINEERING-B_LAB/Lab06-Project/vitis_ws/jump_box_controller/hw/jump_box_controller_finale.xsa
TRACE::2023-01-13.02:02:53::SCWPlatform::DSA directory D:/Bruh_ELE_ELECTRONIC_ENGINEERING-B_LAB/Lab06-Project/vitis_ws/jump_box_controller/hw
TRACE::2023-01-13.02:02:53::SCWPlatform:: Platform Path D:/Bruh_ELE_ELECTRONIC_ENGINEERING-B_LAB/Lab06-Project/vitis_ws/jump_box_controller/hw/jump_box_controller_finale.xsa
TRACE::2023-01-13.02:02:53::SCWPlatform:: Unique name xilinx:nexys-a7-100t::0.0
TRACE::2023-01-13.02:02:53::SCWPlatform::Do not have an existing db opened. 
TRACE::2023-01-13.02:02:53::SCWPlatform::Opened new HwDB with name design_1_wrapper_43
TRACE::2023-01-13.02:02:53::SCWWriter::formatted JSON is {
	"platformName":	"jump_box_controller",
	"sprVersion":	"2.0",
	"mode":	"gui",
	"dsaType":	"Fixed",
	"platformDesc":	"jump_box_controller",
	"platHandOff":	"D:/Bruh_ELE_ELECTRONIC_ENGINEERING-B_LAB/Lab06-Project/Lab6_JumpBlock/jump_box_controller_finale.xsa",
	"platIntHandOff":	"<platformDir>/hw/jump_box_controller_finale.xsa",
	"deviceType":	"FPGA",
	"platIsPrebuiltAutogen":	"false",
	"platIsNoBootBsp":	"false",
	"hasFsblMakeHasChanges":	"false",
	"hasPmufwMakeHasChanges":	"false",
	"platPreBuiltFlag":	false,
	"platformSamplesDir":	""
}
TRACE::2023-01-13.02:02:53::SCWWriter::formatted JSON is {
	"platformName":	"jump_box_controller",
	"sprVersion":	"2.0",
	"mode":	"gui",
	"dsaType":	"Fixed",
	"platformDesc":	"jump_box_controller",
	"platHandOff":	"D:/Bruh_ELE_ELECTRONIC_ENGINEERING-B_LAB/Lab06-Project/Lab6_JumpBlock/jump_box_controller_finale.xsa",
	"platIntHandOff":	"<platformDir>/hw/jump_box_controller_finale.xsa",
	"deviceType":	"FPGA",
	"platIsPrebuiltAutogen":	"false",
	"platIsNoBootBsp":	"false",
	"hasFsblMakeHasChanges":	"false",
	"hasPmufwMakeHasChanges":	"false",
	"platPreBuiltFlag":	false,
	"platformSamplesDir":	"",
	"platActiveSys":	"jump_box_controller",
	"systems":	[{
			"systemName":	"jump_box_controller",
			"systemDesc":	"jump_box_controller",
			"sysIsBootAutoGen":	"true",
			"systemDispName":	"jump_box_controller"
		}]
}
TRACE::2023-01-13.02:02:53::SCWPlatform::Boot application domains not present, creating them
TRACE::2023-01-13.02:02:53::SCWPlatform::Pure FPGA device, no boot application will be created.
TRACE::2023-01-13.02:02:53::SCWWriter::formatted JSON is {
	"platformName":	"jump_box_controller",
	"sprVersion":	"2.0",
	"mode":	"gui",
	"dsaType":	"Fixed",
	"platformDesc":	"jump_box_controller",
	"platHandOff":	"D:/Bruh_ELE_ELECTRONIC_ENGINEERING-B_LAB/Lab06-Project/Lab6_JumpBlock/jump_box_controller_finale.xsa",
	"platIntHandOff":	"<platformDir>/hw/jump_box_controller_finale.xsa",
	"deviceType":	"FPGA",
	"platIsPrebuiltAutogen":	"false",
	"platIsNoBootBsp":	"false",
	"hasFsblMakeHasChanges":	"false",
	"hasPmufwMakeHasChanges":	"false",
	"platPreBuiltFlag":	false,
	"platformSamplesDir":	"",
	"platActiveSys":	"jump_box_controller",
	"systems":	[{
			"systemName":	"jump_box_controller",
			"systemDesc":	"jump_box_controller",
			"sysIsBootAutoGen":	"true",
			"systemDispName":	"jump_box_controller"
		}]
}
TRACE::2023-01-13.02:02:53::SCWWriter::formatted JSON is {
	"platformName":	"jump_box_controller",
	"sprVersion":	"2.0",
	"mode":	"gui",
	"dsaType":	"Fixed",
	"platformDesc":	"jump_box_controller",
	"platHandOff":	"D:/Bruh_ELE_ELECTRONIC_ENGINEERING-B_LAB/Lab06-Project/Lab6_JumpBlock/jump_box_controller_finale.xsa",
	"platIntHandOff":	"<platformDir>/hw/jump_box_controller_finale.xsa",
	"deviceType":	"FPGA",
	"platIsPrebuiltAutogen":	"false",
	"platIsNoBootBsp":	"false",
	"hasFsblMakeHasChanges":	"false",
	"hasPmufwMakeHasChanges":	"false",
	"platPreBuiltFlag":	false,
	"platformSamplesDir":	"",
	"platActiveSys":	"jump_box_controller",
	"systems":	[{
			"systemName":	"jump_box_controller",
			"systemDesc":	"jump_box_controller",
			"sysIsBootAutoGen":	"true",
			"systemDispName":	"jump_box_controller"
		}]
}
TRACE::2023-01-13.02:02:53::SCWPlatform::Trying to open the hw design at D:/Bruh_ELE_ELECTRONIC_ENGINEERING-B_LAB/Lab06-Project/vitis_ws/jump_box_controller/hw/jump_box_controller_finale.xsa
TRACE::2023-01-13.02:02:53::SCWPlatform::DSA given D:/Bruh_ELE_ELECTRONIC_ENGINEERING-B_LAB/Lab06-Project/vitis_ws/jump_box_controller/hw/jump_box_controller_finale.xsa
TRACE::2023-01-13.02:02:53::SCWPlatform::DSA absoulate path D:/Bruh_ELE_ELECTRONIC_ENGINEERING-B_LAB/Lab06-Project/vitis_ws/jump_box_controller/hw/jump_box_controller_finale.xsa
TRACE::2023-01-13.02:02:53::SCWPlatform::DSA directory D:/Bruh_ELE_ELECTRONIC_ENGINEERING-B_LAB/Lab06-Project/vitis_ws/jump_box_controller/hw
TRACE::2023-01-13.02:02:53::SCWPlatform:: Platform Path D:/Bruh_ELE_ELECTRONIC_ENGINEERING-B_LAB/Lab06-Project/vitis_ws/jump_box_controller/hw/jump_box_controller_finale.xsa
TRACE::2023-01-13.02:02:53::SCWPlatform:: Unique name xilinx:nexys-a7-100t::0.0
TRACE::2023-01-13.02:02:53::SCWPlatform::Trying to set the existing hwdb with name design_1_wrapper_43
TRACE::2023-01-13.02:02:53::SCWPlatform::Opened existing hwdb design_1_wrapper_43
TRACE::2023-01-13.02:02:53::SCWPlatform::Found the Hw Db part of the input DSA
TRACE::2023-01-13.02:02:53::SCWPlatform::Trying to open the hw design at D:/Bruh_ELE_ELECTRONIC_ENGINEERING-B_LAB/Lab06-Project/vitis_ws/jump_box_controller/hw/jump_box_controller_finale.xsa
TRACE::2023-01-13.02:02:53::SCWPlatform::DSA given D:/Bruh_ELE_ELECTRONIC_ENGINEERING-B_LAB/Lab06-Project/vitis_ws/jump_box_controller/hw/jump_box_controller_finale.xsa
TRACE::2023-01-13.02:02:53::SCWPlatform::DSA absoulate path D:/Bruh_ELE_ELECTRONIC_ENGINEERING-B_LAB/Lab06-Project/vitis_ws/jump_box_controller/hw/jump_box_controller_finale.xsa
TRACE::2023-01-13.02:02:53::SCWPlatform::DSA directory D:/Bruh_ELE_ELECTRONIC_ENGINEERING-B_LAB/Lab06-Project/vitis_ws/jump_box_controller/hw
TRACE::2023-01-13.02:02:53::SCWPlatform:: Platform Path D:/Bruh_ELE_ELECTRONIC_ENGINEERING-B_LAB/Lab06-Project/vitis_ws/jump_box_controller/hw/jump_box_controller_finale.xsa
TRACE::2023-01-13.02:02:53::SCWPlatform:: Unique name xilinx:nexys-a7-100t::0.0
TRACE::2023-01-13.02:02:53::SCWPlatform::Trying to set the existing hwdb with name design_1_wrapper_43
TRACE::2023-01-13.02:02:53::SCWPlatform::Opened existing hwdb design_1_wrapper_43
TRACE::2023-01-13.02:02:53::SCWPlatform::Found the Hw Db part of the input DSA
TRACE::2023-01-13.02:02:53::SCWDomain::checking for install qemu data   : 
TRACE::2023-01-13.02:02:53::SCWPlatform::Trying to open the hw design at D:/Bruh_ELE_ELECTRONIC_ENGINEERING-B_LAB/Lab06-Project/vitis_ws/jump_box_controller/hw/jump_box_controller_finale.xsa
TRACE::2023-01-13.02:02:53::SCWPlatform::DSA given D:/Bruh_ELE_ELECTRONIC_ENGINEERING-B_LAB/Lab06-Project/vitis_ws/jump_box_controller/hw/jump_box_controller_finale.xsa
TRACE::2023-01-13.02:02:53::SCWPlatform::DSA absoulate path D:/Bruh_ELE_ELECTRONIC_ENGINEERING-B_LAB/Lab06-Project/vitis_ws/jump_box_controller/hw/jump_box_controller_finale.xsa
TRACE::2023-01-13.02:02:53::SCWPlatform::DSA directory D:/Bruh_ELE_ELECTRONIC_ENGINEERING-B_LAB/Lab06-Project/vitis_ws/jump_box_controller/hw
TRACE::2023-01-13.02:02:53::SCWPlatform:: Platform Path D:/Bruh_ELE_ELECTRONIC_ENGINEERING-B_LAB/Lab06-Project/vitis_ws/jump_box_controller/hw/jump_box_controller_finale.xsa
TRACE::2023-01-13.02:02:53::SCWPlatform:: Unique name xilinx:nexys-a7-100t::0.0
TRACE::2023-01-13.02:02:53::SCWPlatform::Trying to set the existing hwdb with name design_1_wrapper_43
TRACE::2023-01-13.02:02:53::SCWPlatform::Opened existing hwdb design_1_wrapper_43
TRACE::2023-01-13.02:02:53::SCWPlatform::Found the Hw Db part of the input DSA
TRACE::2023-01-13.02:02:53::SCWPlatform::Trying to open the hw design at D:/Bruh_ELE_ELECTRONIC_ENGINEERING-B_LAB/Lab06-Project/vitis_ws/jump_box_controller/hw/jump_box_controller_finale.xsa
TRACE::2023-01-13.02:02:53::SCWPlatform::DSA given D:/Bruh_ELE_ELECTRONIC_ENGINEERING-B_LAB/Lab06-Project/vitis_ws/jump_box_controller/hw/jump_box_controller_finale.xsa
TRACE::2023-01-13.02:02:53::SCWPlatform::DSA absoulate path D:/Bruh_ELE_ELECTRONIC_ENGINEERING-B_LAB/Lab06-Project/vitis_ws/jump_box_controller/hw/jump_box_controller_finale.xsa
TRACE::2023-01-13.02:02:53::SCWPlatform::DSA directory D:/Bruh_ELE_ELECTRONIC_ENGINEERING-B_LAB/Lab06-Project/vitis_ws/jump_box_controller/hw
TRACE::2023-01-13.02:02:53::SCWPlatform:: Platform Path D:/Bruh_ELE_ELECTRONIC_ENGINEERING-B_LAB/Lab06-Project/vitis_ws/jump_box_controller/hw/jump_box_controller_finale.xsa
TRACE::2023-01-13.02:02:53::SCWPlatform:: Unique name xilinx:nexys-a7-100t::0.0
TRACE::2023-01-13.02:02:53::SCWPlatform::Trying to set the existing hwdb with name design_1_wrapper_43
TRACE::2023-01-13.02:02:53::SCWPlatform::Opened existing hwdb design_1_wrapper_43
TRACE::2023-01-13.02:02:53::SCWPlatform::Found the Hw Db part of the input DSA
TRACE::2023-01-13.02:02:53::SCWPlatform::Trying to open the hw design at D:/Bruh_ELE_ELECTRONIC_ENGINEERING-B_LAB/Lab06-Project/vitis_ws/jump_box_controller/hw/jump_box_controller_finale.xsa
TRACE::2023-01-13.02:02:53::SCWPlatform::DSA given D:/Bruh_ELE_ELECTRONIC_ENGINEERING-B_LAB/Lab06-Project/vitis_ws/jump_box_controller/hw/jump_box_controller_finale.xsa
TRACE::2023-01-13.02:02:53::SCWPlatform::DSA absoulate path D:/Bruh_ELE_ELECTRONIC_ENGINEERING-B_LAB/Lab06-Project/vitis_ws/jump_box_controller/hw/jump_box_controller_finale.xsa
TRACE::2023-01-13.02:02:53::SCWPlatform::DSA directory D:/Bruh_ELE_ELECTRONIC_ENGINEERING-B_LAB/Lab06-Project/vitis_ws/jump_box_controller/hw
TRACE::2023-01-13.02:02:53::SCWPlatform:: Platform Path D:/Bruh_ELE_ELECTRONIC_ENGINEERING-B_LAB/Lab06-Project/vitis_ws/jump_box_controller/hw/jump_box_controller_finale.xsa
TRACE::2023-01-13.02:02:53::SCWPlatform:: Unique name xilinx:nexys-a7-100t::0.0
TRACE::2023-01-13.02:02:53::SCWPlatform::Trying to set the existing hwdb with name design_1_wrapper_43
TRACE::2023-01-13.02:02:53::SCWPlatform::Opened existing hwdb design_1_wrapper_43
TRACE::2023-01-13.02:02:53::SCWPlatform::Found the Hw Db part of the input DSA
TRACE::2023-01-13.02:02:53::SCWMssOS::Checking the sw design at  D:/Bruh_ELE_ELECTRONIC_ENGINEERING-B_LAB/Lab06-Project/vitis_ws/jump_box_controller/microblaze_0/standalone_microblaze_0/bsp/system.mss
TRACE::2023-01-13.02:02:53::SCWMssOS::DEBUG:  swdes dump  
TRACE::2023-01-13.02:02:53::SCWMssOS::No sw design opened at  D:/Bruh_ELE_ELECTRONIC_ENGINEERING-B_LAB/Lab06-Project/vitis_ws/jump_box_controller/microblaze_0/standalone_microblaze_0/bsp/system.mss
TRACE::2023-01-13.02:02:53::SCWMssOS::mss does not exists at D:/Bruh_ELE_ELECTRONIC_ENGINEERING-B_LAB/Lab06-Project/vitis_ws/jump_box_controller/microblaze_0/standalone_microblaze_0/bsp/system.mss
TRACE::2023-01-13.02:02:53::SCWMssOS::Creating sw design at  D:/Bruh_ELE_ELECTRONIC_ENGINEERING-B_LAB/Lab06-Project/vitis_ws/jump_box_controller/microblaze_0/standalone_microblaze_0/bsp/system.mss
TRACE::2023-01-13.02:02:53::SCWMssOS::Adding the swdes entry, created swdb D:/Bruh_ELE_ELECTRONIC_ENGINEERING-B_LAB/Lab06-Project/vitis_ws/jump_box_controller/microblaze_0/standalone_microblaze_0/bsp/system.mss with des name D:/Bruh_ELE_ELECTRONIC_ENGINEERING-B_LAB/Lab06-Project/vitis_ws/jump_box_controller/microblaze_0/standalone_microblaze_0/bsp/system.mss
TRACE::2023-01-13.02:02:53::SCWMssOS::updating the scw layer changes to swdes at   D:/Bruh_ELE_ELECTRONIC_ENGINEERING-B_LAB/Lab06-Project/vitis_ws/jump_box_controller/microblaze_0/standalone_microblaze_0/bsp/system.mss
TRACE::2023-01-13.02:02:53::SCWMssOS::Writing mss at D:/Bruh_ELE_ELECTRONIC_ENGINEERING-B_LAB/Lab06-Project/vitis_ws/jump_box_controller/microblaze_0/standalone_microblaze_0/bsp/system.mss
TRACE::2023-01-13.02:02:53::SCWMssOS::Completed writing the mss file at D:/Bruh_ELE_ELECTRONIC_ENGINEERING-B_LAB/Lab06-Project/vitis_ws/jump_box_controller/microblaze_0/standalone_microblaze_0/bsp
TRACE::2023-01-13.02:02:53::SCWMssOS::Picking up changes from newly written mss file into SCW Layer. 
TRACE::2023-01-13.02:02:53::SCWMssOS::Updated the changes from newly written mss file into SCW Layer. 
TRACE::2023-01-13.02:02:53::SCWMssOS::Completed writing the mss file at D:/Bruh_ELE_ELECTRONIC_ENGINEERING-B_LAB/Lab06-Project/vitis_ws/jump_box_controller/microblaze_0/standalone_microblaze_0/bsp
TRACE::2023-01-13.02:02:53::SCWMssOS::Forcing BSP Sources regeneration.
TRACE::2023-01-13.02:02:59::SCWMssOS::Saving the mss changes D:/Bruh_ELE_ELECTRONIC_ENGINEERING-B_LAB/Lab06-Project/vitis_ws/jump_box_controller/microblaze_0/standalone_microblaze_0/bsp/system.mss
TRACE::2023-01-13.02:02:59::SCWMssOS::Adding the swdes entry, mss present, able to open swdb D:/Bruh_ELE_ELECTRONIC_ENGINEERING-B_LAB/Lab06-Project/vitis_ws/jump_box_controller/microblaze_0/standalone_microblaze_0/bsp/system.mss with des name system
TRACE::2023-01-13.02:02:59::SCWMssOS::Writing the mss file completed D:/Bruh_ELE_ELECTRONIC_ENGINEERING-B_LAB/Lab06-Project/vitis_ws/jump_box_controller/microblaze_0/standalone_microblaze_0/bsp/system.mss
TRACE::2023-01-13.02:02:59::SCWMssOS::Commit changes completed.
TRACE::2023-01-13.02:02:59::SCWPlatform::Trying to open the hw design at D:/Bruh_ELE_ELECTRONIC_ENGINEERING-B_LAB/Lab06-Project/vitis_ws/jump_box_controller/hw/jump_box_controller_finale.xsa
TRACE::2023-01-13.02:02:59::SCWPlatform::DSA given D:/Bruh_ELE_ELECTRONIC_ENGINEERING-B_LAB/Lab06-Project/vitis_ws/jump_box_controller/hw/jump_box_controller_finale.xsa
TRACE::2023-01-13.02:02:59::SCWPlatform::DSA absoulate path D:/Bruh_ELE_ELECTRONIC_ENGINEERING-B_LAB/Lab06-Project/vitis_ws/jump_box_controller/hw/jump_box_controller_finale.xsa
TRACE::2023-01-13.02:02:59::SCWPlatform::DSA directory D:/Bruh_ELE_ELECTRONIC_ENGINEERING-B_LAB/Lab06-Project/vitis_ws/jump_box_controller/hw
TRACE::2023-01-13.02:02:59::SCWPlatform:: Platform Path D:/Bruh_ELE_ELECTRONIC_ENGINEERING-B_LAB/Lab06-Project/vitis_ws/jump_box_controller/hw/jump_box_controller_finale.xsa
TRACE::2023-01-13.02:02:59::SCWPlatform:: Unique name xilinx:nexys-a7-100t::0.0
TRACE::2023-01-13.02:02:59::SCWPlatform::Trying to set the existing hwdb with name design_1_wrapper_43
TRACE::2023-01-13.02:02:59::SCWPlatform::Opened existing hwdb design_1_wrapper_43
TRACE::2023-01-13.02:02:59::SCWPlatform::Found the Hw Db part of the input DSA
TRACE::2023-01-13.02:02:59::SCWMssOS::Checking the sw design at  D:/Bruh_ELE_ELECTRONIC_ENGINEERING-B_LAB/Lab06-Project/vitis_ws/jump_box_controller/microblaze_0/standalone_microblaze_0/bsp/system.mss
TRACE::2023-01-13.02:02:59::SCWMssOS::DEBUG:  swdes dump  D:/Bruh_ELE_ELECTRONIC_ENGINEERING-B_LAB/Lab06-Project/vitis_ws/jump_box_controller/microblaze_0/standalone_microblaze_0/bsp/system.mss|system||

TRACE::2023-01-13.02:02:59::SCWMssOS::Sw design exists and opened at  D:/Bruh_ELE_ELECTRONIC_ENGINEERING-B_LAB/Lab06-Project/vitis_ws/jump_box_controller/microblaze_0/standalone_microblaze_0/bsp/system.mss
TRACE::2023-01-13.02:02:59::SCWPlatform::Trying to open the hw design at D:/Bruh_ELE_ELECTRONIC_ENGINEERING-B_LAB/Lab06-Project/vitis_ws/jump_box_controller/hw/jump_box_controller_finale.xsa
TRACE::2023-01-13.02:02:59::SCWPlatform::DSA given D:/Bruh_ELE_ELECTRONIC_ENGINEERING-B_LAB/Lab06-Project/vitis_ws/jump_box_controller/hw/jump_box_controller_finale.xsa
TRACE::2023-01-13.02:02:59::SCWPlatform::DSA absoulate path D:/Bruh_ELE_ELECTRONIC_ENGINEERING-B_LAB/Lab06-Project/vitis_ws/jump_box_controller/hw/jump_box_controller_finale.xsa
TRACE::2023-01-13.02:02:59::SCWPlatform::DSA directory D:/Bruh_ELE_ELECTRONIC_ENGINEERING-B_LAB/Lab06-Project/vitis_ws/jump_box_controller/hw
TRACE::2023-01-13.02:02:59::SCWPlatform:: Platform Path D:/Bruh_ELE_ELECTRONIC_ENGINEERING-B_LAB/Lab06-Project/vitis_ws/jump_box_controller/hw/jump_box_controller_finale.xsa
TRACE::2023-01-13.02:02:59::SCWPlatform:: Unique name xilinx:nexys-a7-100t::0.0
TRACE::2023-01-13.02:02:59::SCWPlatform::Trying to set the existing hwdb with name design_1_wrapper_43
TRACE::2023-01-13.02:02:59::SCWPlatform::Opened existing hwdb design_1_wrapper_43
TRACE::2023-01-13.02:02:59::SCWPlatform::Found the Hw Db part of the input DSA
TRACE::2023-01-13.02:02:59::SCWMssOS::Checking the sw design at  D:/Bruh_ELE_ELECTRONIC_ENGINEERING-B_LAB/Lab06-Project/vitis_ws/jump_box_controller/microblaze_0/standalone_microblaze_0/bsp/system.mss
TRACE::2023-01-13.02:02:59::SCWMssOS::DEBUG:  swdes dump  D:/Bruh_ELE_ELECTRONIC_ENGINEERING-B_LAB/Lab06-Project/vitis_ws/jump_box_controller/microblaze_0/standalone_microblaze_0/bsp/system.mss|system||

TRACE::2023-01-13.02:02:59::SCWMssOS::Sw design exists and opened at  D:/Bruh_ELE_ELECTRONIC_ENGINEERING-B_LAB/Lab06-Project/vitis_ws/jump_box_controller/microblaze_0/standalone_microblaze_0/bsp/system.mss
TRACE::2023-01-13.02:02:59::SCWPlatform::Trying to open the hw design at D:/Bruh_ELE_ELECTRONIC_ENGINEERING-B_LAB/Lab06-Project/vitis_ws/jump_box_controller/hw/jump_box_controller_finale.xsa
TRACE::2023-01-13.02:02:59::SCWPlatform::DSA given D:/Bruh_ELE_ELECTRONIC_ENGINEERING-B_LAB/Lab06-Project/vitis_ws/jump_box_controller/hw/jump_box_controller_finale.xsa
TRACE::2023-01-13.02:02:59::SCWPlatform::DSA absoulate path D:/Bruh_ELE_ELECTRONIC_ENGINEERING-B_LAB/Lab06-Project/vitis_ws/jump_box_controller/hw/jump_box_controller_finale.xsa
TRACE::2023-01-13.02:02:59::SCWPlatform::DSA directory D:/Bruh_ELE_ELECTRONIC_ENGINEERING-B_LAB/Lab06-Project/vitis_ws/jump_box_controller/hw
TRACE::2023-01-13.02:02:59::SCWPlatform:: Platform Path D:/Bruh_ELE_ELECTRONIC_ENGINEERING-B_LAB/Lab06-Project/vitis_ws/jump_box_controller/hw/jump_box_controller_finale.xsa
TRACE::2023-01-13.02:02:59::SCWPlatform:: Unique name xilinx:nexys-a7-100t::0.0
TRACE::2023-01-13.02:02:59::SCWPlatform::Trying to set the existing hwdb with name design_1_wrapper_43
TRACE::2023-01-13.02:02:59::SCWPlatform::Opened existing hwdb design_1_wrapper_43
TRACE::2023-01-13.02:02:59::SCWPlatform::Found the Hw Db part of the input DSA
TRACE::2023-01-13.02:02:59::SCWMssOS::Checking the sw design at  D:/Bruh_ELE_ELECTRONIC_ENGINEERING-B_LAB/Lab06-Project/vitis_ws/jump_box_controller/microblaze_0/standalone_microblaze_0/bsp/system.mss
TRACE::2023-01-13.02:02:59::SCWMssOS::DEBUG:  swdes dump  D:/Bruh_ELE_ELECTRONIC_ENGINEERING-B_LAB/Lab06-Project/vitis_ws/jump_box_controller/microblaze_0/standalone_microblaze_0/bsp/system.mss|system||

TRACE::2023-01-13.02:02:59::SCWMssOS::Sw design exists and opened at  D:/Bruh_ELE_ELECTRONIC_ENGINEERING-B_LAB/Lab06-Project/vitis_ws/jump_box_controller/microblaze_0/standalone_microblaze_0/bsp/system.mss
TRACE::2023-01-13.02:02:59::SCWWriter::formatted JSON is {
	"platformName":	"jump_box_controller",
	"sprVersion":	"2.0",
	"mode":	"gui",
	"dsaType":	"Fixed",
	"platformDesc":	"jump_box_controller",
	"platHandOff":	"D:/Bruh_ELE_ELECTRONIC_ENGINEERING-B_LAB/Lab06-Project/Lab6_JumpBlock/jump_box_controller_finale.xsa",
	"platIntHandOff":	"<platformDir>/hw/jump_box_controller_finale.xsa",
	"deviceType":	"FPGA",
	"platIsPrebuiltAutogen":	"false",
	"platIsNoBootBsp":	"false",
	"hasFsblMakeHasChanges":	"false",
	"hasPmufwMakeHasChanges":	"false",
	"platPreBuiltFlag":	false,
	"platformSamplesDir":	"",
	"platActiveSys":	"jump_box_controller",
	"systems":	[{
			"systemName":	"jump_box_controller",
			"systemDesc":	"jump_box_controller",
			"sysIsBootAutoGen":	"true",
			"systemDispName":	"jump_box_controller",
			"sysActiveDom":	"standalone_microblaze_0",
			"sysDefaultDom":	"standalone_microblaze_0",
			"domains":	[{
					"domainName":	"standalone_microblaze_0",
					"domainDispName":	"standalone_microblaze_0",
					"domainDesc":	"standalone_microblaze_0",
					"processors":	"microblaze_0",
					"os":	"standalone",
					"sdxOs":	"standalone",
					"debugEnable":	"False",
					"domRuntimes":	["cpp"],
					"swRepo":	"",
					"mssOsVer":	"8.0",
					"mssFile":	"",
					"md5Digest":	"89e4b43de2ab9587f5447ac729c7863c",
					"compatibleApp":	"empty_application",
					"domType":	"mssDomain",
					"arch":	"32-bit",
					"appSettings":	{
						"appCompilerFlags":	"",
						"appLinkerFlags":	""
					},
					"addedLibs":	[],
					"libOptions":	{
						"libsContainingOptions":	[]
					},
					"prebuiltLibs":	{
						"prebuiltIncPath":	[],
						"prebuiltLibPath":	[]
					},
					"isolation":	{
					}
				}]
		}]
}
LOG::2023-01-13.02:02:59::SCWPlatform::Started generating the artifacts platform jump_box_controller
TRACE::2023-01-13.02:02:59::SCWPlatform::Sanity checking of platform is completed
LOG::2023-01-13.02:02:59::SCWPlatform::Started generating the artifacts for system configuration jump_box_controller
LOG::2023-01-13.02:02:59::SCWSystem::Checking the domain standalone_microblaze_0
LOG::2023-01-13.02:02:59::SCWSystem::Not a boot domain 
LOG::2023-01-13.02:02:59::SCWSystem::Started Processing the domain standalone_microblaze_0
TRACE::2023-01-13.02:02:59::SCWDomain::Generating domain artifcats
TRACE::2023-01-13.02:02:59::SCWMssOS::Generating standalone artifcats
TRACE::2023-01-13.02:02:59::SCWMssOS:: Copying the user libraries. 
TRACE::2023-01-13.02:02:59::SCWPlatform::Trying to open the hw design at D:/Bruh_ELE_ELECTRONIC_ENGINEERING-B_LAB/Lab06-Project/vitis_ws/jump_box_controller/hw/jump_box_controller_finale.xsa
TRACE::2023-01-13.02:02:59::SCWPlatform::DSA given D:/Bruh_ELE_ELECTRONIC_ENGINEERING-B_LAB/Lab06-Project/vitis_ws/jump_box_controller/hw/jump_box_controller_finale.xsa
TRACE::2023-01-13.02:02:59::SCWPlatform::DSA absoulate path D:/Bruh_ELE_ELECTRONIC_ENGINEERING-B_LAB/Lab06-Project/vitis_ws/jump_box_controller/hw/jump_box_controller_finale.xsa
TRACE::2023-01-13.02:02:59::SCWPlatform::DSA directory D:/Bruh_ELE_ELECTRONIC_ENGINEERING-B_LAB/Lab06-Project/vitis_ws/jump_box_controller/hw
TRACE::2023-01-13.02:02:59::SCWPlatform:: Platform Path D:/Bruh_ELE_ELECTRONIC_ENGINEERING-B_LAB/Lab06-Project/vitis_ws/jump_box_controller/hw/jump_box_controller_finale.xsa
TRACE::2023-01-13.02:02:59::SCWPlatform:: Unique name xilinx:nexys-a7-100t::0.0
TRACE::2023-01-13.02:02:59::SCWPlatform::Trying to set the existing hwdb with name design_1_wrapper_43
TRACE::2023-01-13.02:02:59::SCWPlatform::Opened existing hwdb design_1_wrapper_43
TRACE::2023-01-13.02:02:59::SCWPlatform::Found the Hw Db part of the input DSA
TRACE::2023-01-13.02:02:59::SCWMssOS::Checking the sw design at  D:/Bruh_ELE_ELECTRONIC_ENGINEERING-B_LAB/Lab06-Project/vitis_ws/jump_box_controller/microblaze_0/standalone_microblaze_0/bsp/system.mss
TRACE::2023-01-13.02:02:59::SCWMssOS::DEBUG:  swdes dump  D:/Bruh_ELE_ELECTRONIC_ENGINEERING-B_LAB/Lab06-Project/vitis_ws/jump_box_controller/microblaze_0/standalone_microblaze_0/bsp/system.mss|system||

TRACE::2023-01-13.02:02:59::SCWMssOS::Sw design exists and opened at  D:/Bruh_ELE_ELECTRONIC_ENGINEERING-B_LAB/Lab06-Project/vitis_ws/jump_box_controller/microblaze_0/standalone_microblaze_0/bsp/system.mss
TRACE::2023-01-13.02:02:59::SCWMssOS::Completed writing the mss file at D:/Bruh_ELE_ELECTRONIC_ENGINEERING-B_LAB/Lab06-Project/vitis_ws/jump_box_controller/microblaze_0/standalone_microblaze_0/bsp
TRACE::2023-01-13.02:02:59::SCWMssOS::Mss edits present, copying mssfile into export location D:/Bruh_ELE_ELECTRONIC_ENGINEERING-B_LAB/Lab06-Project/vitis_ws/jump_box_controller/microblaze_0/standalone_microblaze_0/bsp/system.mss
TRACE::2023-01-13.02:02:59::SCWMssOS::bsp generated is upto date with the mss file. Skipping bsp generation.
TRACE::2023-01-13.02:02:59::SCWMssOS::BSP is already built. skipping the bsp build ... 
TRACE::2023-01-13.02:02:59::SCWDomain::Skipping the build for domain :  standalone_microblaze_0
TRACE::2023-01-13.02:02:59::SCWMssOS::skipping the bsp build ... 
TRACE::2023-01-13.02:02:59::SCWMssOS::Copying to export directory.
TRACE::2023-01-13.02:02:59::SCWMssOS:: Checking if to create the Supporting Applications
TRACE::2023-01-13.02:02:59::SCWMssOS:: No Linux domain exists, trying to generate FSBL 
LOG::2023-01-13.02:02:59::SCWSystem::Completed Processing the domain standalone_microblaze_0
LOG::2023-01-13.02:02:59::SCWSystem::Completed Processing the sysconfig jump_box_controller
LOG::2023-01-13.02:02:59::SCWPlatform::Completed generating the artifacts for system configuration jump_box_controller
TRACE::2023-01-13.02:02:59::SCWPlatform::Started preparing the platform 
TRACE::2023-01-13.02:02:59::SCWSystem::Writing the bif file for system config jump_box_controller
TRACE::2023-01-13.02:02:59::SCWSystem::dir created 
TRACE::2023-01-13.02:02:59::SCWSystem::Writing the bif 
TRACE::2023-01-13.02:02:59::SCWPlatform::Started writing the spfm file 
TRACE::2023-01-13.02:03:00::SCWPlatform::Started writing the xpfm file 
TRACE::2023-01-13.02:03:00::SCWPlatform::Completed generating the platform
TRACE::2023-01-13.02:03:00::SCWMssOS::Saving the mss changes D:/Bruh_ELE_ELECTRONIC_ENGINEERING-B_LAB/Lab06-Project/vitis_ws/jump_box_controller/microblaze_0/standalone_microblaze_0/bsp/system.mss
TRACE::2023-01-13.02:03:00::SCWMssOS::Found a swdesign opened with the mssfile.
TRACE::2023-01-13.02:03:00::SCWMssOS::Completed writemss as part of save.
TRACE::2023-01-13.02:03:00::SCWMssOS::Commit changes completed.
TRACE::2023-01-13.02:03:00::SCWPlatform::Trying to open the hw design at D:/Bruh_ELE_ELECTRONIC_ENGINEERING-B_LAB/Lab06-Project/vitis_ws/jump_box_controller/hw/jump_box_controller_finale.xsa
TRACE::2023-01-13.02:03:00::SCWPlatform::DSA given D:/Bruh_ELE_ELECTRONIC_ENGINEERING-B_LAB/Lab06-Project/vitis_ws/jump_box_controller/hw/jump_box_controller_finale.xsa
TRACE::2023-01-13.02:03:00::SCWPlatform::DSA absoulate path D:/Bruh_ELE_ELECTRONIC_ENGINEERING-B_LAB/Lab06-Project/vitis_ws/jump_box_controller/hw/jump_box_controller_finale.xsa
TRACE::2023-01-13.02:03:00::SCWPlatform::DSA directory D:/Bruh_ELE_ELECTRONIC_ENGINEERING-B_LAB/Lab06-Project/vitis_ws/jump_box_controller/hw
TRACE::2023-01-13.02:03:00::SCWPlatform:: Platform Path D:/Bruh_ELE_ELECTRONIC_ENGINEERING-B_LAB/Lab06-Project/vitis_ws/jump_box_controller/hw/jump_box_controller_finale.xsa
TRACE::2023-01-13.02:03:00::SCWPlatform:: Unique name xilinx:nexys-a7-100t::0.0
TRACE::2023-01-13.02:03:00::SCWPlatform::Trying to set the existing hwdb with name design_1_wrapper_43
TRACE::2023-01-13.02:03:00::SCWPlatform::Opened existing hwdb design_1_wrapper_43
TRACE::2023-01-13.02:03:00::SCWPlatform::Found the Hw Db part of the input DSA
TRACE::2023-01-13.02:03:00::SCWMssOS::Checking the sw design at  D:/Bruh_ELE_ELECTRONIC_ENGINEERING-B_LAB/Lab06-Project/vitis_ws/jump_box_controller/microblaze_0/standalone_microblaze_0/bsp/system.mss
TRACE::2023-01-13.02:03:00::SCWMssOS::DEBUG:  swdes dump  D:/Bruh_ELE_ELECTRONIC_ENGINEERING-B_LAB/Lab06-Project/vitis_ws/jump_box_controller/microblaze_0/standalone_microblaze_0/bsp/system.mss|system||

TRACE::2023-01-13.02:03:00::SCWMssOS::Sw design exists and opened at  D:/Bruh_ELE_ELECTRONIC_ENGINEERING-B_LAB/Lab06-Project/vitis_ws/jump_box_controller/microblaze_0/standalone_microblaze_0/bsp/system.mss
TRACE::2023-01-13.02:03:00::SCWPlatform::Trying to open the hw design at D:/Bruh_ELE_ELECTRONIC_ENGINEERING-B_LAB/Lab06-Project/vitis_ws/jump_box_controller/hw/jump_box_controller_finale.xsa
TRACE::2023-01-13.02:03:00::SCWPlatform::DSA given D:/Bruh_ELE_ELECTRONIC_ENGINEERING-B_LAB/Lab06-Project/vitis_ws/jump_box_controller/hw/jump_box_controller_finale.xsa
TRACE::2023-01-13.02:03:00::SCWPlatform::DSA absoulate path D:/Bruh_ELE_ELECTRONIC_ENGINEERING-B_LAB/Lab06-Project/vitis_ws/jump_box_controller/hw/jump_box_controller_finale.xsa
TRACE::2023-01-13.02:03:00::SCWPlatform::DSA directory D:/Bruh_ELE_ELECTRONIC_ENGINEERING-B_LAB/Lab06-Project/vitis_ws/jump_box_controller/hw
TRACE::2023-01-13.02:03:00::SCWPlatform:: Platform Path D:/Bruh_ELE_ELECTRONIC_ENGINEERING-B_LAB/Lab06-Project/vitis_ws/jump_box_controller/hw/jump_box_controller_finale.xsa
TRACE::2023-01-13.02:03:00::SCWPlatform:: Unique name xilinx:nexys-a7-100t::0.0
TRACE::2023-01-13.02:03:00::SCWPlatform::Trying to set the existing hwdb with name design_1_wrapper_43
TRACE::2023-01-13.02:03:00::SCWPlatform::Opened existing hwdb design_1_wrapper_43
TRACE::2023-01-13.02:03:00::SCWPlatform::Found the Hw Db part of the input DSA
TRACE::2023-01-13.02:03:00::SCWMssOS::Checking the sw design at  D:/Bruh_ELE_ELECTRONIC_ENGINEERING-B_LAB/Lab06-Project/vitis_ws/jump_box_controller/microblaze_0/standalone_microblaze_0/bsp/system.mss
TRACE::2023-01-13.02:03:00::SCWMssOS::DEBUG:  swdes dump  D:/Bruh_ELE_ELECTRONIC_ENGINEERING-B_LAB/Lab06-Project/vitis_ws/jump_box_controller/microblaze_0/standalone_microblaze_0/bsp/system.mss|system||

TRACE::2023-01-13.02:03:00::SCWMssOS::Sw design exists and opened at  D:/Bruh_ELE_ELECTRONIC_ENGINEERING-B_LAB/Lab06-Project/vitis_ws/jump_box_controller/microblaze_0/standalone_microblaze_0/bsp/system.mss
TRACE::2023-01-13.02:03:00::SCWPlatform::Trying to open the hw design at D:/Bruh_ELE_ELECTRONIC_ENGINEERING-B_LAB/Lab06-Project/vitis_ws/jump_box_controller/hw/jump_box_controller_finale.xsa
TRACE::2023-01-13.02:03:00::SCWPlatform::DSA given D:/Bruh_ELE_ELECTRONIC_ENGINEERING-B_LAB/Lab06-Project/vitis_ws/jump_box_controller/hw/jump_box_controller_finale.xsa
TRACE::2023-01-13.02:03:00::SCWPlatform::DSA absoulate path D:/Bruh_ELE_ELECTRONIC_ENGINEERING-B_LAB/Lab06-Project/vitis_ws/jump_box_controller/hw/jump_box_controller_finale.xsa
TRACE::2023-01-13.02:03:00::SCWPlatform::DSA directory D:/Bruh_ELE_ELECTRONIC_ENGINEERING-B_LAB/Lab06-Project/vitis_ws/jump_box_controller/hw
TRACE::2023-01-13.02:03:00::SCWPlatform:: Platform Path D:/Bruh_ELE_ELECTRONIC_ENGINEERING-B_LAB/Lab06-Project/vitis_ws/jump_box_controller/hw/jump_box_controller_finale.xsa
TRACE::2023-01-13.02:03:00::SCWPlatform:: Unique name xilinx:nexys-a7-100t::0.0
TRACE::2023-01-13.02:03:00::SCWPlatform::Trying to set the existing hwdb with name design_1_wrapper_43
TRACE::2023-01-13.02:03:00::SCWPlatform::Opened existing hwdb design_1_wrapper_43
TRACE::2023-01-13.02:03:00::SCWPlatform::Found the Hw Db part of the input DSA
TRACE::2023-01-13.02:03:00::SCWMssOS::Checking the sw design at  D:/Bruh_ELE_ELECTRONIC_ENGINEERING-B_LAB/Lab06-Project/vitis_ws/jump_box_controller/microblaze_0/standalone_microblaze_0/bsp/system.mss
TRACE::2023-01-13.02:03:00::SCWMssOS::DEBUG:  swdes dump  D:/Bruh_ELE_ELECTRONIC_ENGINEERING-B_LAB/Lab06-Project/vitis_ws/jump_box_controller/microblaze_0/standalone_microblaze_0/bsp/system.mss|system||

TRACE::2023-01-13.02:03:00::SCWMssOS::Sw design exists and opened at  D:/Bruh_ELE_ELECTRONIC_ENGINEERING-B_LAB/Lab06-Project/vitis_ws/jump_box_controller/microblaze_0/standalone_microblaze_0/bsp/system.mss
TRACE::2023-01-13.02:03:00::SCWWriter::formatted JSON is {
	"platformName":	"jump_box_controller",
	"sprVersion":	"2.0",
	"mode":	"gui",
	"dsaType":	"Fixed",
	"platformDesc":	"jump_box_controller",
	"platHandOff":	"D:/Bruh_ELE_ELECTRONIC_ENGINEERING-B_LAB/Lab06-Project/Lab6_JumpBlock/jump_box_controller_finale.xsa",
	"platIntHandOff":	"<platformDir>/hw/jump_box_controller_finale.xsa",
	"deviceType":	"FPGA",
	"platIsPrebuiltAutogen":	"false",
	"platIsNoBootBsp":	"false",
	"hasFsblMakeHasChanges":	"false",
	"hasPmufwMakeHasChanges":	"false",
	"platPreBuiltFlag":	false,
	"platformSamplesDir":	"",
	"platActiveSys":	"jump_box_controller",
	"systems":	[{
			"systemName":	"jump_box_controller",
			"systemDesc":	"jump_box_controller",
			"sysIsBootAutoGen":	"true",
			"systemDispName":	"jump_box_controller",
			"sysActiveDom":	"standalone_microblaze_0",
			"sysDefaultDom":	"standalone_microblaze_0",
			"domains":	[{
					"domainName":	"standalone_microblaze_0",
					"domainDispName":	"standalone_microblaze_0",
					"domainDesc":	"standalone_microblaze_0",
					"processors":	"microblaze_0",
					"os":	"standalone",
					"sdxOs":	"standalone",
					"debugEnable":	"False",
					"domRuntimes":	["cpp"],
					"swRepo":	"",
					"mssOsVer":	"8.0",
					"mssFile":	"",
					"md5Digest":	"89e4b43de2ab9587f5447ac729c7863c",
					"compatibleApp":	"empty_application",
					"domType":	"mssDomain",
					"arch":	"32-bit",
					"appSettings":	{
						"appCompilerFlags":	"",
						"appLinkerFlags":	""
					},
					"addedLibs":	[],
					"libOptions":	{
						"libsContainingOptions":	[]
					},
					"prebuiltLibs":	{
						"prebuiltIncPath":	[],
						"prebuiltLibPath":	[]
					},
					"isolation":	{
					}
				}]
		}]
}
KEYINFO::2023-01-13.02:03:00::SCWPlatform::updated the xpfm file.
TRACE::2023-01-13.02:03:00::SCWPlatform::Trying to open the hw design at D:/Bruh_ELE_ELECTRONIC_ENGINEERING-B_LAB/Lab06-Project/vitis_ws/jump_box_controller/hw/jump_box_controller_finale.xsa
TRACE::2023-01-13.02:03:00::SCWPlatform::DSA given D:/Bruh_ELE_ELECTRONIC_ENGINEERING-B_LAB/Lab06-Project/vitis_ws/jump_box_controller/hw/jump_box_controller_finale.xsa
TRACE::2023-01-13.02:03:00::SCWPlatform::DSA absoulate path D:/Bruh_ELE_ELECTRONIC_ENGINEERING-B_LAB/Lab06-Project/vitis_ws/jump_box_controller/hw/jump_box_controller_finale.xsa
TRACE::2023-01-13.02:03:00::SCWPlatform::DSA directory D:/Bruh_ELE_ELECTRONIC_ENGINEERING-B_LAB/Lab06-Project/vitis_ws/jump_box_controller/hw
TRACE::2023-01-13.02:03:00::SCWPlatform:: Platform Path D:/Bruh_ELE_ELECTRONIC_ENGINEERING-B_LAB/Lab06-Project/vitis_ws/jump_box_controller/hw/jump_box_controller_finale.xsa
TRACE::2023-01-13.02:03:00::SCWPlatform:: Unique name xilinx:nexys-a7-100t::0.0
TRACE::2023-01-13.02:03:00::SCWPlatform::Trying to set the existing hwdb with name design_1_wrapper_43
TRACE::2023-01-13.02:03:00::SCWPlatform::Opened existing hwdb design_1_wrapper_43
TRACE::2023-01-13.02:03:00::SCWPlatform::Found the Hw Db part of the input DSA
TRACE::2023-01-13.02:03:00::SCWMssOS::Checking the sw design at  D:/Bruh_ELE_ELECTRONIC_ENGINEERING-B_LAB/Lab06-Project/vitis_ws/jump_box_controller/microblaze_0/standalone_microblaze_0/bsp/system.mss
TRACE::2023-01-13.02:03:00::SCWMssOS::DEBUG:  swdes dump  D:/Bruh_ELE_ELECTRONIC_ENGINEERING-B_LAB/Lab06-Project/vitis_ws/jump_box_controller/microblaze_0/standalone_microblaze_0/bsp/system.mss|system||

TRACE::2023-01-13.02:03:00::SCWMssOS::Sw design exists and opened at  D:/Bruh_ELE_ELECTRONIC_ENGINEERING-B_LAB/Lab06-Project/vitis_ws/jump_box_controller/microblaze_0/standalone_microblaze_0/bsp/system.mss
TRACE::2023-01-13.02:03:00::SCWMssOS::Saving the mss changes D:/Bruh_ELE_ELECTRONIC_ENGINEERING-B_LAB/Lab06-Project/vitis_ws/jump_box_controller/microblaze_0/standalone_microblaze_0/bsp/system.mss
TRACE::2023-01-13.02:03:00::SCWMssOS::Found a swdesign opened with the mssfile.
TRACE::2023-01-13.02:03:00::SCWMssOS::Completed writemss as part of save.
TRACE::2023-01-13.02:03:00::SCWMssOS::Commit changes completed.
TRACE::2023-01-13.02:03:00::SCWPlatform::Trying to open the hw design at D:/Bruh_ELE_ELECTRONIC_ENGINEERING-B_LAB/Lab06-Project/vitis_ws/jump_box_controller/hw/jump_box_controller_finale.xsa
TRACE::2023-01-13.02:03:00::SCWPlatform::DSA given D:/Bruh_ELE_ELECTRONIC_ENGINEERING-B_LAB/Lab06-Project/vitis_ws/jump_box_controller/hw/jump_box_controller_finale.xsa
TRACE::2023-01-13.02:03:00::SCWPlatform::DSA absoulate path D:/Bruh_ELE_ELECTRONIC_ENGINEERING-B_LAB/Lab06-Project/vitis_ws/jump_box_controller/hw/jump_box_controller_finale.xsa
TRACE::2023-01-13.02:03:00::SCWPlatform::DSA directory D:/Bruh_ELE_ELECTRONIC_ENGINEERING-B_LAB/Lab06-Project/vitis_ws/jump_box_controller/hw
TRACE::2023-01-13.02:03:00::SCWPlatform:: Platform Path D:/Bruh_ELE_ELECTRONIC_ENGINEERING-B_LAB/Lab06-Project/vitis_ws/jump_box_controller/hw/jump_box_controller_finale.xsa
TRACE::2023-01-13.02:03:00::SCWPlatform:: Unique name xilinx:nexys-a7-100t::0.0
TRACE::2023-01-13.02:03:00::SCWPlatform::Trying to set the existing hwdb with name design_1_wrapper_43
TRACE::2023-01-13.02:03:00::SCWPlatform::Opened existing hwdb design_1_wrapper_43
TRACE::2023-01-13.02:03:00::SCWPlatform::Found the Hw Db part of the input DSA
TRACE::2023-01-13.02:03:00::SCWMssOS::Checking the sw design at  D:/Bruh_ELE_ELECTRONIC_ENGINEERING-B_LAB/Lab06-Project/vitis_ws/jump_box_controller/microblaze_0/standalone_microblaze_0/bsp/system.mss
TRACE::2023-01-13.02:03:00::SCWMssOS::DEBUG:  swdes dump  D:/Bruh_ELE_ELECTRONIC_ENGINEERING-B_LAB/Lab06-Project/vitis_ws/jump_box_controller/microblaze_0/standalone_microblaze_0/bsp/system.mss|system||

TRACE::2023-01-13.02:03:00::SCWMssOS::Sw design exists and opened at  D:/Bruh_ELE_ELECTRONIC_ENGINEERING-B_LAB/Lab06-Project/vitis_ws/jump_box_controller/microblaze_0/standalone_microblaze_0/bsp/system.mss
TRACE::2023-01-13.02:03:00::SCWPlatform::Trying to open the hw design at D:/Bruh_ELE_ELECTRONIC_ENGINEERING-B_LAB/Lab06-Project/vitis_ws/jump_box_controller/hw/jump_box_controller_finale.xsa
TRACE::2023-01-13.02:03:00::SCWPlatform::DSA given D:/Bruh_ELE_ELECTRONIC_ENGINEERING-B_LAB/Lab06-Project/vitis_ws/jump_box_controller/hw/jump_box_controller_finale.xsa
TRACE::2023-01-13.02:03:00::SCWPlatform::DSA absoulate path D:/Bruh_ELE_ELECTRONIC_ENGINEERING-B_LAB/Lab06-Project/vitis_ws/jump_box_controller/hw/jump_box_controller_finale.xsa
TRACE::2023-01-13.02:03:00::SCWPlatform::DSA directory D:/Bruh_ELE_ELECTRONIC_ENGINEERING-B_LAB/Lab06-Project/vitis_ws/jump_box_controller/hw
TRACE::2023-01-13.02:03:00::SCWPlatform:: Platform Path D:/Bruh_ELE_ELECTRONIC_ENGINEERING-B_LAB/Lab06-Project/vitis_ws/jump_box_controller/hw/jump_box_controller_finale.xsa
TRACE::2023-01-13.02:03:00::SCWPlatform:: Unique name xilinx:nexys-a7-100t::0.0
TRACE::2023-01-13.02:03:00::SCWPlatform::Trying to set the existing hwdb with name design_1_wrapper_43
TRACE::2023-01-13.02:03:00::SCWPlatform::Opened existing hwdb design_1_wrapper_43
TRACE::2023-01-13.02:03:00::SCWPlatform::Found the Hw Db part of the input DSA
TRACE::2023-01-13.02:03:00::SCWMssOS::Checking the sw design at  D:/Bruh_ELE_ELECTRONIC_ENGINEERING-B_LAB/Lab06-Project/vitis_ws/jump_box_controller/microblaze_0/standalone_microblaze_0/bsp/system.mss
TRACE::2023-01-13.02:03:00::SCWMssOS::DEBUG:  swdes dump  D:/Bruh_ELE_ELECTRONIC_ENGINEERING-B_LAB/Lab06-Project/vitis_ws/jump_box_controller/microblaze_0/standalone_microblaze_0/bsp/system.mss|system||

TRACE::2023-01-13.02:03:00::SCWMssOS::Sw design exists and opened at  D:/Bruh_ELE_ELECTRONIC_ENGINEERING-B_LAB/Lab06-Project/vitis_ws/jump_box_controller/microblaze_0/standalone_microblaze_0/bsp/system.mss
TRACE::2023-01-13.02:03:00::SCWPlatform::Trying to open the hw design at D:/Bruh_ELE_ELECTRONIC_ENGINEERING-B_LAB/Lab06-Project/vitis_ws/jump_box_controller/hw/jump_box_controller_finale.xsa
TRACE::2023-01-13.02:03:00::SCWPlatform::DSA given D:/Bruh_ELE_ELECTRONIC_ENGINEERING-B_LAB/Lab06-Project/vitis_ws/jump_box_controller/hw/jump_box_controller_finale.xsa
TRACE::2023-01-13.02:03:00::SCWPlatform::DSA absoulate path D:/Bruh_ELE_ELECTRONIC_ENGINEERING-B_LAB/Lab06-Project/vitis_ws/jump_box_controller/hw/jump_box_controller_finale.xsa
TRACE::2023-01-13.02:03:00::SCWPlatform::DSA directory D:/Bruh_ELE_ELECTRONIC_ENGINEERING-B_LAB/Lab06-Project/vitis_ws/jump_box_controller/hw
TRACE::2023-01-13.02:03:00::SCWPlatform:: Platform Path D:/Bruh_ELE_ELECTRONIC_ENGINEERING-B_LAB/Lab06-Project/vitis_ws/jump_box_controller/hw/jump_box_controller_finale.xsa
TRACE::2023-01-13.02:03:00::SCWPlatform:: Unique name xilinx:nexys-a7-100t::0.0
TRACE::2023-01-13.02:03:00::SCWPlatform::Trying to set the existing hwdb with name design_1_wrapper_43
TRACE::2023-01-13.02:03:00::SCWPlatform::Opened existing hwdb design_1_wrapper_43
TRACE::2023-01-13.02:03:00::SCWPlatform::Found the Hw Db part of the input DSA
TRACE::2023-01-13.02:03:00::SCWMssOS::Checking the sw design at  D:/Bruh_ELE_ELECTRONIC_ENGINEERING-B_LAB/Lab06-Project/vitis_ws/jump_box_controller/microblaze_0/standalone_microblaze_0/bsp/system.mss
TRACE::2023-01-13.02:03:00::SCWMssOS::DEBUG:  swdes dump  D:/Bruh_ELE_ELECTRONIC_ENGINEERING-B_LAB/Lab06-Project/vitis_ws/jump_box_controller/microblaze_0/standalone_microblaze_0/bsp/system.mss|system||

TRACE::2023-01-13.02:03:00::SCWMssOS::Sw design exists and opened at  D:/Bruh_ELE_ELECTRONIC_ENGINEERING-B_LAB/Lab06-Project/vitis_ws/jump_box_controller/microblaze_0/standalone_microblaze_0/bsp/system.mss
TRACE::2023-01-13.02:03:00::SCWWriter::formatted JSON is {
	"platformName":	"jump_box_controller",
	"sprVersion":	"2.0",
	"mode":	"gui",
	"dsaType":	"Fixed",
	"platformDesc":	"jump_box_controller",
	"platHandOff":	"D:/Bruh_ELE_ELECTRONIC_ENGINEERING-B_LAB/Lab06-Project/Lab6_JumpBlock/jump_box_controller_finale.xsa",
	"platIntHandOff":	"<platformDir>/hw/jump_box_controller_finale.xsa",
	"deviceType":	"FPGA",
	"platIsPrebuiltAutogen":	"false",
	"platIsNoBootBsp":	"false",
	"hasFsblMakeHasChanges":	"false",
	"hasPmufwMakeHasChanges":	"false",
	"platPreBuiltFlag":	false,
	"platformSamplesDir":	"",
	"platActiveSys":	"jump_box_controller",
	"systems":	[{
			"systemName":	"jump_box_controller",
			"systemDesc":	"jump_box_controller",
			"sysIsBootAutoGen":	"true",
			"systemDispName":	"jump_box_controller",
			"sysActiveDom":	"standalone_microblaze_0",
			"sysDefaultDom":	"standalone_microblaze_0",
			"domains":	[{
					"domainName":	"standalone_microblaze_0",
					"domainDispName":	"standalone_microblaze_0",
					"domainDesc":	"standalone_microblaze_0",
					"processors":	"microblaze_0",
					"os":	"standalone",
					"sdxOs":	"standalone",
					"debugEnable":	"False",
					"domRuntimes":	["cpp"],
					"swRepo":	"",
					"mssOsVer":	"8.0",
					"mssFile":	"",
					"md5Digest":	"89e4b43de2ab9587f5447ac729c7863c",
					"compatibleApp":	"empty_application",
					"domType":	"mssDomain",
					"arch":	"32-bit",
					"appSettings":	{
						"appCompilerFlags":	"",
						"appLinkerFlags":	""
					},
					"addedLibs":	[],
					"libOptions":	{
						"libsContainingOptions":	[]
					},
					"prebuiltLibs":	{
						"prebuiltIncPath":	[],
						"prebuiltLibPath":	[]
					},
					"isolation":	{
					}
				}]
		}]
}
TRACE::2023-01-13.02:03:00::SCWPlatform::Trying to open the hw design at D:/Bruh_ELE_ELECTRONIC_ENGINEERING-B_LAB/Lab06-Project/vitis_ws/jump_box_controller/hw/jump_box_controller_finale.xsa
TRACE::2023-01-13.02:03:00::SCWPlatform::DSA given D:/Bruh_ELE_ELECTRONIC_ENGINEERING-B_LAB/Lab06-Project/vitis_ws/jump_box_controller/hw/jump_box_controller_finale.xsa
TRACE::2023-01-13.02:03:00::SCWPlatform::DSA absoulate path D:/Bruh_ELE_ELECTRONIC_ENGINEERING-B_LAB/Lab06-Project/vitis_ws/jump_box_controller/hw/jump_box_controller_finale.xsa
TRACE::2023-01-13.02:03:00::SCWPlatform::DSA directory D:/Bruh_ELE_ELECTRONIC_ENGINEERING-B_LAB/Lab06-Project/vitis_ws/jump_box_controller/hw
TRACE::2023-01-13.02:03:00::SCWPlatform:: Platform Path D:/Bruh_ELE_ELECTRONIC_ENGINEERING-B_LAB/Lab06-Project/vitis_ws/jump_box_controller/hw/jump_box_controller_finale.xsa
TRACE::2023-01-13.02:03:00::SCWPlatform:: Unique name xilinx:nexys-a7-100t::0.0
TRACE::2023-01-13.02:03:00::SCWPlatform::Trying to set the existing hwdb with name design_1_wrapper_43
TRACE::2023-01-13.02:03:00::SCWPlatform::Opened existing hwdb design_1_wrapper_43
TRACE::2023-01-13.02:03:00::SCWPlatform::Found the Hw Db part of the input DSA
TRACE::2023-01-13.02:03:00::SCWMssOS::Checking the sw design at  D:/Bruh_ELE_ELECTRONIC_ENGINEERING-B_LAB/Lab06-Project/vitis_ws/jump_box_controller/microblaze_0/standalone_microblaze_0/bsp/system.mss
TRACE::2023-01-13.02:03:00::SCWMssOS::DEBUG:  swdes dump  D:/Bruh_ELE_ELECTRONIC_ENGINEERING-B_LAB/Lab06-Project/vitis_ws/jump_box_controller/microblaze_0/standalone_microblaze_0/bsp/system.mss|system||

TRACE::2023-01-13.02:03:00::SCWMssOS::Sw design exists and opened at  D:/Bruh_ELE_ELECTRONIC_ENGINEERING-B_LAB/Lab06-Project/vitis_ws/jump_box_controller/microblaze_0/standalone_microblaze_0/bsp/system.mss
TRACE::2023-01-13.02:03:00::SCWPlatform::Trying to open the hw design at D:/Bruh_ELE_ELECTRONIC_ENGINEERING-B_LAB/Lab06-Project/vitis_ws/jump_box_controller/hw/jump_box_controller_finale.xsa
TRACE::2023-01-13.02:03:00::SCWPlatform::DSA given D:/Bruh_ELE_ELECTRONIC_ENGINEERING-B_LAB/Lab06-Project/vitis_ws/jump_box_controller/hw/jump_box_controller_finale.xsa
TRACE::2023-01-13.02:03:00::SCWPlatform::DSA absoulate path D:/Bruh_ELE_ELECTRONIC_ENGINEERING-B_LAB/Lab06-Project/vitis_ws/jump_box_controller/hw/jump_box_controller_finale.xsa
TRACE::2023-01-13.02:03:00::SCWPlatform::DSA directory D:/Bruh_ELE_ELECTRONIC_ENGINEERING-B_LAB/Lab06-Project/vitis_ws/jump_box_controller/hw
TRACE::2023-01-13.02:03:00::SCWPlatform:: Platform Path D:/Bruh_ELE_ELECTRONIC_ENGINEERING-B_LAB/Lab06-Project/vitis_ws/jump_box_controller/hw/jump_box_controller_finale.xsa
TRACE::2023-01-13.02:03:00::SCWPlatform:: Unique name xilinx:nexys-a7-100t::0.0
TRACE::2023-01-13.02:03:00::SCWPlatform::Trying to set the existing hwdb with name design_1_wrapper_43
TRACE::2023-01-13.02:03:00::SCWPlatform::Opened existing hwdb design_1_wrapper_43
TRACE::2023-01-13.02:03:00::SCWPlatform::Found the Hw Db part of the input DSA
TRACE::2023-01-13.02:03:00::SCWMssOS::Checking the sw design at  D:/Bruh_ELE_ELECTRONIC_ENGINEERING-B_LAB/Lab06-Project/vitis_ws/jump_box_controller/microblaze_0/standalone_microblaze_0/bsp/system.mss
TRACE::2023-01-13.02:03:00::SCWMssOS::DEBUG:  swdes dump  D:/Bruh_ELE_ELECTRONIC_ENGINEERING-B_LAB/Lab06-Project/vitis_ws/jump_box_controller/microblaze_0/standalone_microblaze_0/bsp/system.mss|system||

TRACE::2023-01-13.02:03:00::SCWMssOS::Sw design exists and opened at  D:/Bruh_ELE_ELECTRONIC_ENGINEERING-B_LAB/Lab06-Project/vitis_ws/jump_box_controller/microblaze_0/standalone_microblaze_0/bsp/system.mss
TRACE::2023-01-13.02:03:00::SCWMssOS::Saving the mss changes D:/Bruh_ELE_ELECTRONIC_ENGINEERING-B_LAB/Lab06-Project/vitis_ws/jump_box_controller/microblaze_0/standalone_microblaze_0/bsp/system.mss
TRACE::2023-01-13.02:03:00::SCWMssOS::Found a swdesign opened with the mssfile.
TRACE::2023-01-13.02:03:00::SCWMssOS::Completed writemss as part of save.
TRACE::2023-01-13.02:03:00::SCWMssOS::Commit changes completed.
TRACE::2023-01-13.02:03:00::SCWPlatform::Trying to open the hw design at D:/Bruh_ELE_ELECTRONIC_ENGINEERING-B_LAB/Lab06-Project/vitis_ws/jump_box_controller/hw/jump_box_controller_finale.xsa
TRACE::2023-01-13.02:03:00::SCWPlatform::DSA given D:/Bruh_ELE_ELECTRONIC_ENGINEERING-B_LAB/Lab06-Project/vitis_ws/jump_box_controller/hw/jump_box_controller_finale.xsa
TRACE::2023-01-13.02:03:00::SCWPlatform::DSA absoulate path D:/Bruh_ELE_ELECTRONIC_ENGINEERING-B_LAB/Lab06-Project/vitis_ws/jump_box_controller/hw/jump_box_controller_finale.xsa
TRACE::2023-01-13.02:03:00::SCWPlatform::DSA directory D:/Bruh_ELE_ELECTRONIC_ENGINEERING-B_LAB/Lab06-Project/vitis_ws/jump_box_controller/hw
TRACE::2023-01-13.02:03:00::SCWPlatform:: Platform Path D:/Bruh_ELE_ELECTRONIC_ENGINEERING-B_LAB/Lab06-Project/vitis_ws/jump_box_controller/hw/jump_box_controller_finale.xsa
TRACE::2023-01-13.02:03:00::SCWPlatform:: Unique name xilinx:nexys-a7-100t::0.0
TRACE::2023-01-13.02:03:00::SCWPlatform::Trying to set the existing hwdb with name design_1_wrapper_43
TRACE::2023-01-13.02:03:00::SCWPlatform::Opened existing hwdb design_1_wrapper_43
TRACE::2023-01-13.02:03:00::SCWPlatform::Found the Hw Db part of the input DSA
TRACE::2023-01-13.02:03:00::SCWMssOS::Checking the sw design at  D:/Bruh_ELE_ELECTRONIC_ENGINEERING-B_LAB/Lab06-Project/vitis_ws/jump_box_controller/microblaze_0/standalone_microblaze_0/bsp/system.mss
TRACE::2023-01-13.02:03:00::SCWMssOS::DEBUG:  swdes dump  D:/Bruh_ELE_ELECTRONIC_ENGINEERING-B_LAB/Lab06-Project/vitis_ws/jump_box_controller/microblaze_0/standalone_microblaze_0/bsp/system.mss|system||

TRACE::2023-01-13.02:03:00::SCWMssOS::Sw design exists and opened at  D:/Bruh_ELE_ELECTRONIC_ENGINEERING-B_LAB/Lab06-Project/vitis_ws/jump_box_controller/microblaze_0/standalone_microblaze_0/bsp/system.mss
TRACE::2023-01-13.02:03:00::SCWPlatform::Trying to open the hw design at D:/Bruh_ELE_ELECTRONIC_ENGINEERING-B_LAB/Lab06-Project/vitis_ws/jump_box_controller/hw/jump_box_controller_finale.xsa
TRACE::2023-01-13.02:03:00::SCWPlatform::DSA given D:/Bruh_ELE_ELECTRONIC_ENGINEERING-B_LAB/Lab06-Project/vitis_ws/jump_box_controller/hw/jump_box_controller_finale.xsa
TRACE::2023-01-13.02:03:00::SCWPlatform::DSA absoulate path D:/Bruh_ELE_ELECTRONIC_ENGINEERING-B_LAB/Lab06-Project/vitis_ws/jump_box_controller/hw/jump_box_controller_finale.xsa
TRACE::2023-01-13.02:03:00::SCWPlatform::DSA directory D:/Bruh_ELE_ELECTRONIC_ENGINEERING-B_LAB/Lab06-Project/vitis_ws/jump_box_controller/hw
TRACE::2023-01-13.02:03:00::SCWPlatform:: Platform Path D:/Bruh_ELE_ELECTRONIC_ENGINEERING-B_LAB/Lab06-Project/vitis_ws/jump_box_controller/hw/jump_box_controller_finale.xsa
TRACE::2023-01-13.02:03:00::SCWPlatform:: Unique name xilinx:nexys-a7-100t::0.0
TRACE::2023-01-13.02:03:00::SCWPlatform::Trying to set the existing hwdb with name design_1_wrapper_43
TRACE::2023-01-13.02:03:00::SCWPlatform::Opened existing hwdb design_1_wrapper_43
TRACE::2023-01-13.02:03:00::SCWPlatform::Found the Hw Db part of the input DSA
TRACE::2023-01-13.02:03:00::SCWMssOS::Checking the sw design at  D:/Bruh_ELE_ELECTRONIC_ENGINEERING-B_LAB/Lab06-Project/vitis_ws/jump_box_controller/microblaze_0/standalone_microblaze_0/bsp/system.mss
TRACE::2023-01-13.02:03:00::SCWMssOS::DEBUG:  swdes dump  D:/Bruh_ELE_ELECTRONIC_ENGINEERING-B_LAB/Lab06-Project/vitis_ws/jump_box_controller/microblaze_0/standalone_microblaze_0/bsp/system.mss|system||

TRACE::2023-01-13.02:03:00::SCWMssOS::Sw design exists and opened at  D:/Bruh_ELE_ELECTRONIC_ENGINEERING-B_LAB/Lab06-Project/vitis_ws/jump_box_controller/microblaze_0/standalone_microblaze_0/bsp/system.mss
TRACE::2023-01-13.02:03:00::SCWPlatform::Trying to open the hw design at D:/Bruh_ELE_ELECTRONIC_ENGINEERING-B_LAB/Lab06-Project/vitis_ws/jump_box_controller/hw/jump_box_controller_finale.xsa
TRACE::2023-01-13.02:03:00::SCWPlatform::DSA given D:/Bruh_ELE_ELECTRONIC_ENGINEERING-B_LAB/Lab06-Project/vitis_ws/jump_box_controller/hw/jump_box_controller_finale.xsa
TRACE::2023-01-13.02:03:00::SCWPlatform::DSA absoulate path D:/Bruh_ELE_ELECTRONIC_ENGINEERING-B_LAB/Lab06-Project/vitis_ws/jump_box_controller/hw/jump_box_controller_finale.xsa
TRACE::2023-01-13.02:03:00::SCWPlatform::DSA directory D:/Bruh_ELE_ELECTRONIC_ENGINEERING-B_LAB/Lab06-Project/vitis_ws/jump_box_controller/hw
TRACE::2023-01-13.02:03:00::SCWPlatform:: Platform Path D:/Bruh_ELE_ELECTRONIC_ENGINEERING-B_LAB/Lab06-Project/vitis_ws/jump_box_controller/hw/jump_box_controller_finale.xsa
TRACE::2023-01-13.02:03:00::SCWPlatform:: Unique name xilinx:nexys-a7-100t::0.0
TRACE::2023-01-13.02:03:00::SCWPlatform::Trying to set the existing hwdb with name design_1_wrapper_43
TRACE::2023-01-13.02:03:00::SCWPlatform::Opened existing hwdb design_1_wrapper_43
TRACE::2023-01-13.02:03:00::SCWPlatform::Found the Hw Db part of the input DSA
TRACE::2023-01-13.02:03:00::SCWMssOS::Checking the sw design at  D:/Bruh_ELE_ELECTRONIC_ENGINEERING-B_LAB/Lab06-Project/vitis_ws/jump_box_controller/microblaze_0/standalone_microblaze_0/bsp/system.mss
TRACE::2023-01-13.02:03:00::SCWMssOS::DEBUG:  swdes dump  D:/Bruh_ELE_ELECTRONIC_ENGINEERING-B_LAB/Lab06-Project/vitis_ws/jump_box_controller/microblaze_0/standalone_microblaze_0/bsp/system.mss|system||

TRACE::2023-01-13.02:03:00::SCWMssOS::Sw design exists and opened at  D:/Bruh_ELE_ELECTRONIC_ENGINEERING-B_LAB/Lab06-Project/vitis_ws/jump_box_controller/microblaze_0/standalone_microblaze_0/bsp/system.mss
TRACE::2023-01-13.02:03:00::SCWWriter::formatted JSON is {
	"platformName":	"jump_box_controller",
	"sprVersion":	"2.0",
	"mode":	"gui",
	"dsaType":	"Fixed",
	"platformDesc":	"jump_box_controller",
	"platHandOff":	"D:/Bruh_ELE_ELECTRONIC_ENGINEERING-B_LAB/Lab06-Project/Lab6_JumpBlock/jump_box_controller_finale.xsa",
	"platIntHandOff":	"<platformDir>/hw/jump_box_controller_finale.xsa",
	"deviceType":	"FPGA",
	"platIsPrebuiltAutogen":	"false",
	"platIsNoBootBsp":	"false",
	"hasFsblMakeHasChanges":	"false",
	"hasPmufwMakeHasChanges":	"false",
	"platPreBuiltFlag":	false,
	"platformSamplesDir":	"",
	"platActiveSys":	"jump_box_controller",
	"systems":	[{
			"systemName":	"jump_box_controller",
			"systemDesc":	"jump_box_controller",
			"sysIsBootAutoGen":	"true",
			"systemDispName":	"jump_box_controller",
			"sysActiveDom":	"standalone_microblaze_0",
			"sysDefaultDom":	"standalone_microblaze_0",
			"domains":	[{
					"domainName":	"standalone_microblaze_0",
					"domainDispName":	"standalone_microblaze_0",
					"domainDesc":	"standalone_microblaze_0",
					"processors":	"microblaze_0",
					"os":	"standalone",
					"sdxOs":	"standalone",
					"debugEnable":	"False",
					"domRuntimes":	["cpp"],
					"swRepo":	"",
					"mssOsVer":	"8.0",
					"mssFile":	"",
					"md5Digest":	"89e4b43de2ab9587f5447ac729c7863c",
					"compatibleApp":	"empty_application",
					"domType":	"mssDomain",
					"arch":	"32-bit",
					"appSettings":	{
						"appCompilerFlags":	"",
						"appLinkerFlags":	""
					},
					"addedLibs":	[],
					"libOptions":	{
						"libsContainingOptions":	[]
					},
					"prebuiltLibs":	{
						"prebuiltIncPath":	[],
						"prebuiltLibPath":	[]
					},
					"isolation":	{
					}
				}]
		}]
}
LOG::2023-01-13.02:03:00::SCWPlatform::Started generating the artifacts platform jump_box_controller
TRACE::2023-01-13.02:03:00::SCWPlatform::Sanity checking of platform is completed
LOG::2023-01-13.02:03:00::SCWPlatform::Started generating the artifacts for system configuration jump_box_controller
LOG::2023-01-13.02:03:00::SCWSystem::Started Processing the domain standalone_microblaze_0
TRACE::2023-01-13.02:03:00::SCWDomain::Generating domain artifcats
TRACE::2023-01-13.02:03:00::SCWMssOS::Generating standalone artifcats
TRACE::2023-01-13.02:03:00::SCWMssOS:: Copying the user libraries. 
TRACE::2023-01-13.02:03:00::SCWPlatform::Trying to open the hw design at D:/Bruh_ELE_ELECTRONIC_ENGINEERING-B_LAB/Lab06-Project/vitis_ws/jump_box_controller/hw/jump_box_controller_finale.xsa
TRACE::2023-01-13.02:03:00::SCWPlatform::DSA given D:/Bruh_ELE_ELECTRONIC_ENGINEERING-B_LAB/Lab06-Project/vitis_ws/jump_box_controller/hw/jump_box_controller_finale.xsa
TRACE::2023-01-13.02:03:00::SCWPlatform::DSA absoulate path D:/Bruh_ELE_ELECTRONIC_ENGINEERING-B_LAB/Lab06-Project/vitis_ws/jump_box_controller/hw/jump_box_controller_finale.xsa
TRACE::2023-01-13.02:03:00::SCWPlatform::DSA directory D:/Bruh_ELE_ELECTRONIC_ENGINEERING-B_LAB/Lab06-Project/vitis_ws/jump_box_controller/hw
TRACE::2023-01-13.02:03:00::SCWPlatform:: Platform Path D:/Bruh_ELE_ELECTRONIC_ENGINEERING-B_LAB/Lab06-Project/vitis_ws/jump_box_controller/hw/jump_box_controller_finale.xsa
TRACE::2023-01-13.02:03:00::SCWPlatform:: Unique name xilinx:nexys-a7-100t::0.0
TRACE::2023-01-13.02:03:00::SCWPlatform::Trying to set the existing hwdb with name design_1_wrapper_43
TRACE::2023-01-13.02:03:00::SCWPlatform::Opened existing hwdb design_1_wrapper_43
TRACE::2023-01-13.02:03:00::SCWPlatform::Found the Hw Db part of the input DSA
TRACE::2023-01-13.02:03:00::SCWMssOS::Checking the sw design at  D:/Bruh_ELE_ELECTRONIC_ENGINEERING-B_LAB/Lab06-Project/vitis_ws/jump_box_controller/microblaze_0/standalone_microblaze_0/bsp/system.mss
TRACE::2023-01-13.02:03:00::SCWMssOS::DEBUG:  swdes dump  D:/Bruh_ELE_ELECTRONIC_ENGINEERING-B_LAB/Lab06-Project/vitis_ws/jump_box_controller/microblaze_0/standalone_microblaze_0/bsp/system.mss|system||

TRACE::2023-01-13.02:03:00::SCWMssOS::Sw design exists and opened at  D:/Bruh_ELE_ELECTRONIC_ENGINEERING-B_LAB/Lab06-Project/vitis_ws/jump_box_controller/microblaze_0/standalone_microblaze_0/bsp/system.mss
TRACE::2023-01-13.02:03:00::SCWMssOS::Completed writing the mss file at D:/Bruh_ELE_ELECTRONIC_ENGINEERING-B_LAB/Lab06-Project/vitis_ws/jump_box_controller/microblaze_0/standalone_microblaze_0/bsp
TRACE::2023-01-13.02:03:00::SCWMssOS::Mss edits present, copying mssfile into export location D:/Bruh_ELE_ELECTRONIC_ENGINEERING-B_LAB/Lab06-Project/vitis_ws/jump_box_controller/microblaze_0/standalone_microblaze_0/bsp/system.mss
TRACE::2023-01-13.02:03:00::SCWMssOS::bsp generated is upto date with the mss file. Skipping bsp generation.
TRACE::2023-01-13.02:03:00::SCWMssOS::BSP is already built. skipping the bsp build ... 
TRACE::2023-01-13.02:03:00::SCWDomain::Building the domain as part of full build :  standalone_microblaze_0
TRACE::2023-01-13.02:03:00::SCWMssOS::skipping the bsp build ... 
TRACE::2023-01-13.02:03:00::SCWMssOS::Copying to export directory.
TRACE::2023-01-13.02:03:00::SCWMssOS:: Checking if to create the Supporting Applications
TRACE::2023-01-13.02:03:00::SCWMssOS:: No Linux domain exists, trying to generate FSBL 
LOG::2023-01-13.02:03:00::SCWSystem::Completed Processing the domain standalone_microblaze_0
LOG::2023-01-13.02:03:00::SCWSystem::Completed Processing the sysconfig jump_box_controller
LOG::2023-01-13.02:03:00::SCWPlatform::Completed generating the artifacts for system configuration jump_box_controller
TRACE::2023-01-13.02:03:00::SCWPlatform::Started preparing the platform 
TRACE::2023-01-13.02:03:00::SCWSystem::Writing the bif file for system config jump_box_controller
TRACE::2023-01-13.02:03:00::SCWSystem::dir created 
TRACE::2023-01-13.02:03:00::SCWSystem::Writing the bif 
TRACE::2023-01-13.02:03:00::SCWPlatform::Started writing the spfm file 
TRACE::2023-01-13.02:03:00::SCWPlatform::Started writing the xpfm file 
TRACE::2023-01-13.02:03:00::SCWPlatform::Completed generating the platform
TRACE::2023-01-13.02:03:00::SCWMssOS::Saving the mss changes D:/Bruh_ELE_ELECTRONIC_ENGINEERING-B_LAB/Lab06-Project/vitis_ws/jump_box_controller/microblaze_0/standalone_microblaze_0/bsp/system.mss
TRACE::2023-01-13.02:03:00::SCWMssOS::Found a swdesign opened with the mssfile.
TRACE::2023-01-13.02:03:00::SCWMssOS::Completed writemss as part of save.
TRACE::2023-01-13.02:03:00::SCWMssOS::Commit changes completed.
TRACE::2023-01-13.02:03:00::SCWPlatform::Trying to open the hw design at D:/Bruh_ELE_ELECTRONIC_ENGINEERING-B_LAB/Lab06-Project/vitis_ws/jump_box_controller/hw/jump_box_controller_finale.xsa
TRACE::2023-01-13.02:03:00::SCWPlatform::DSA given D:/Bruh_ELE_ELECTRONIC_ENGINEERING-B_LAB/Lab06-Project/vitis_ws/jump_box_controller/hw/jump_box_controller_finale.xsa
TRACE::2023-01-13.02:03:00::SCWPlatform::DSA absoulate path D:/Bruh_ELE_ELECTRONIC_ENGINEERING-B_LAB/Lab06-Project/vitis_ws/jump_box_controller/hw/jump_box_controller_finale.xsa
TRACE::2023-01-13.02:03:00::SCWPlatform::DSA directory D:/Bruh_ELE_ELECTRONIC_ENGINEERING-B_LAB/Lab06-Project/vitis_ws/jump_box_controller/hw
TRACE::2023-01-13.02:03:00::SCWPlatform:: Platform Path D:/Bruh_ELE_ELECTRONIC_ENGINEERING-B_LAB/Lab06-Project/vitis_ws/jump_box_controller/hw/jump_box_controller_finale.xsa
TRACE::2023-01-13.02:03:00::SCWPlatform:: Unique name xilinx:nexys-a7-100t::0.0
TRACE::2023-01-13.02:03:00::SCWPlatform::Trying to set the existing hwdb with name design_1_wrapper_43
TRACE::2023-01-13.02:03:00::SCWPlatform::Opened existing hwdb design_1_wrapper_43
TRACE::2023-01-13.02:03:00::SCWPlatform::Found the Hw Db part of the input DSA
TRACE::2023-01-13.02:03:00::SCWMssOS::Checking the sw design at  D:/Bruh_ELE_ELECTRONIC_ENGINEERING-B_LAB/Lab06-Project/vitis_ws/jump_box_controller/microblaze_0/standalone_microblaze_0/bsp/system.mss
TRACE::2023-01-13.02:03:00::SCWMssOS::DEBUG:  swdes dump  D:/Bruh_ELE_ELECTRONIC_ENGINEERING-B_LAB/Lab06-Project/vitis_ws/jump_box_controller/microblaze_0/standalone_microblaze_0/bsp/system.mss|system||

TRACE::2023-01-13.02:03:00::SCWMssOS::Sw design exists and opened at  D:/Bruh_ELE_ELECTRONIC_ENGINEERING-B_LAB/Lab06-Project/vitis_ws/jump_box_controller/microblaze_0/standalone_microblaze_0/bsp/system.mss
TRACE::2023-01-13.02:03:00::SCWPlatform::Trying to open the hw design at D:/Bruh_ELE_ELECTRONIC_ENGINEERING-B_LAB/Lab06-Project/vitis_ws/jump_box_controller/hw/jump_box_controller_finale.xsa
TRACE::2023-01-13.02:03:00::SCWPlatform::DSA given D:/Bruh_ELE_ELECTRONIC_ENGINEERING-B_LAB/Lab06-Project/vitis_ws/jump_box_controller/hw/jump_box_controller_finale.xsa
TRACE::2023-01-13.02:03:00::SCWPlatform::DSA absoulate path D:/Bruh_ELE_ELECTRONIC_ENGINEERING-B_LAB/Lab06-Project/vitis_ws/jump_box_controller/hw/jump_box_controller_finale.xsa
TRACE::2023-01-13.02:03:00::SCWPlatform::DSA directory D:/Bruh_ELE_ELECTRONIC_ENGINEERING-B_LAB/Lab06-Project/vitis_ws/jump_box_controller/hw
TRACE::2023-01-13.02:03:00::SCWPlatform:: Platform Path D:/Bruh_ELE_ELECTRONIC_ENGINEERING-B_LAB/Lab06-Project/vitis_ws/jump_box_controller/hw/jump_box_controller_finale.xsa
TRACE::2023-01-13.02:03:00::SCWPlatform:: Unique name xilinx:nexys-a7-100t::0.0
TRACE::2023-01-13.02:03:00::SCWPlatform::Trying to set the existing hwdb with name design_1_wrapper_43
TRACE::2023-01-13.02:03:00::SCWPlatform::Opened existing hwdb design_1_wrapper_43
TRACE::2023-01-13.02:03:00::SCWPlatform::Found the Hw Db part of the input DSA
TRACE::2023-01-13.02:03:00::SCWMssOS::Checking the sw design at  D:/Bruh_ELE_ELECTRONIC_ENGINEERING-B_LAB/Lab06-Project/vitis_ws/jump_box_controller/microblaze_0/standalone_microblaze_0/bsp/system.mss
TRACE::2023-01-13.02:03:00::SCWMssOS::DEBUG:  swdes dump  D:/Bruh_ELE_ELECTRONIC_ENGINEERING-B_LAB/Lab06-Project/vitis_ws/jump_box_controller/microblaze_0/standalone_microblaze_0/bsp/system.mss|system||

TRACE::2023-01-13.02:03:00::SCWMssOS::Sw design exists and opened at  D:/Bruh_ELE_ELECTRONIC_ENGINEERING-B_LAB/Lab06-Project/vitis_ws/jump_box_controller/microblaze_0/standalone_microblaze_0/bsp/system.mss
TRACE::2023-01-13.02:03:00::SCWPlatform::Trying to open the hw design at D:/Bruh_ELE_ELECTRONIC_ENGINEERING-B_LAB/Lab06-Project/vitis_ws/jump_box_controller/hw/jump_box_controller_finale.xsa
TRACE::2023-01-13.02:03:00::SCWPlatform::DSA given D:/Bruh_ELE_ELECTRONIC_ENGINEERING-B_LAB/Lab06-Project/vitis_ws/jump_box_controller/hw/jump_box_controller_finale.xsa
TRACE::2023-01-13.02:03:00::SCWPlatform::DSA absoulate path D:/Bruh_ELE_ELECTRONIC_ENGINEERING-B_LAB/Lab06-Project/vitis_ws/jump_box_controller/hw/jump_box_controller_finale.xsa
TRACE::2023-01-13.02:03:00::SCWPlatform::DSA directory D:/Bruh_ELE_ELECTRONIC_ENGINEERING-B_LAB/Lab06-Project/vitis_ws/jump_box_controller/hw
TRACE::2023-01-13.02:03:00::SCWPlatform:: Platform Path D:/Bruh_ELE_ELECTRONIC_ENGINEERING-B_LAB/Lab06-Project/vitis_ws/jump_box_controller/hw/jump_box_controller_finale.xsa
TRACE::2023-01-13.02:03:00::SCWPlatform:: Unique name xilinx:nexys-a7-100t::0.0
TRACE::2023-01-13.02:03:00::SCWPlatform::Trying to set the existing hwdb with name design_1_wrapper_43
TRACE::2023-01-13.02:03:00::SCWPlatform::Opened existing hwdb design_1_wrapper_43
TRACE::2023-01-13.02:03:00::SCWPlatform::Found the Hw Db part of the input DSA
TRACE::2023-01-13.02:03:00::SCWMssOS::Checking the sw design at  D:/Bruh_ELE_ELECTRONIC_ENGINEERING-B_LAB/Lab06-Project/vitis_ws/jump_box_controller/microblaze_0/standalone_microblaze_0/bsp/system.mss
TRACE::2023-01-13.02:03:00::SCWMssOS::DEBUG:  swdes dump  D:/Bruh_ELE_ELECTRONIC_ENGINEERING-B_LAB/Lab06-Project/vitis_ws/jump_box_controller/microblaze_0/standalone_microblaze_0/bsp/system.mss|system||

TRACE::2023-01-13.02:03:00::SCWMssOS::Sw design exists and opened at  D:/Bruh_ELE_ELECTRONIC_ENGINEERING-B_LAB/Lab06-Project/vitis_ws/jump_box_controller/microblaze_0/standalone_microblaze_0/bsp/system.mss
TRACE::2023-01-13.02:03:00::SCWWriter::formatted JSON is {
	"platformName":	"jump_box_controller",
	"sprVersion":	"2.0",
	"mode":	"gui",
	"dsaType":	"Fixed",
	"platformDesc":	"jump_box_controller",
	"platHandOff":	"D:/Bruh_ELE_ELECTRONIC_ENGINEERING-B_LAB/Lab06-Project/Lab6_JumpBlock/jump_box_controller_finale.xsa",
	"platIntHandOff":	"<platformDir>/hw/jump_box_controller_finale.xsa",
	"deviceType":	"FPGA",
	"platIsPrebuiltAutogen":	"false",
	"platIsNoBootBsp":	"false",
	"hasFsblMakeHasChanges":	"false",
	"hasPmufwMakeHasChanges":	"false",
	"platPreBuiltFlag":	false,
	"platformSamplesDir":	"",
	"platActiveSys":	"jump_box_controller",
	"systems":	[{
			"systemName":	"jump_box_controller",
			"systemDesc":	"jump_box_controller",
			"sysIsBootAutoGen":	"true",
			"systemDispName":	"jump_box_controller",
			"sysActiveDom":	"standalone_microblaze_0",
			"sysDefaultDom":	"standalone_microblaze_0",
			"domains":	[{
					"domainName":	"standalone_microblaze_0",
					"domainDispName":	"standalone_microblaze_0",
					"domainDesc":	"standalone_microblaze_0",
					"processors":	"microblaze_0",
					"os":	"standalone",
					"sdxOs":	"standalone",
					"debugEnable":	"False",
					"domRuntimes":	["cpp"],
					"swRepo":	"",
					"mssOsVer":	"8.0",
					"mssFile":	"",
					"md5Digest":	"89e4b43de2ab9587f5447ac729c7863c",
					"compatibleApp":	"empty_application",
					"domType":	"mssDomain",
					"arch":	"32-bit",
					"appSettings":	{
						"appCompilerFlags":	"",
						"appLinkerFlags":	""
					},
					"addedLibs":	[],
					"libOptions":	{
						"libsContainingOptions":	[]
					},
					"prebuiltLibs":	{
						"prebuiltIncPath":	[],
						"prebuiltLibPath":	[]
					},
					"isolation":	{
					}
				}]
		}]
}
KEYINFO::2023-01-13.02:03:00::SCWPlatform::updated the xpfm file.
LOG::2023-01-13.02:07:43::SCWPlatform::Started generating the artifacts platform jump_box_controller
TRACE::2023-01-13.02:07:43::SCWPlatform::Sanity checking of platform is completed
LOG::2023-01-13.02:07:43::SCWPlatform::Started generating the artifacts for system configuration jump_box_controller
LOG::2023-01-13.02:07:43::SCWSystem::Checking the domain standalone_microblaze_0
LOG::2023-01-13.02:07:43::SCWSystem::Not a boot domain 
LOG::2023-01-13.02:07:43::SCWSystem::Started Processing the domain standalone_microblaze_0
TRACE::2023-01-13.02:07:43::SCWDomain::Generating domain artifcats
TRACE::2023-01-13.02:07:43::SCWMssOS::Generating standalone artifcats
TRACE::2023-01-13.02:07:43::SCWMssOS:: Copying the user libraries. 
TRACE::2023-01-13.02:07:43::SCWPlatform::Trying to open the hw design at D:/Bruh_ELE_ELECTRONIC_ENGINEERING-B_LAB/Lab06-Project/vitis_ws/jump_box_controller/hw/jump_box_controller_finale.xsa
TRACE::2023-01-13.02:07:43::SCWPlatform::DSA given D:/Bruh_ELE_ELECTRONIC_ENGINEERING-B_LAB/Lab06-Project/vitis_ws/jump_box_controller/hw/jump_box_controller_finale.xsa
TRACE::2023-01-13.02:07:43::SCWPlatform::DSA absoulate path D:/Bruh_ELE_ELECTRONIC_ENGINEERING-B_LAB/Lab06-Project/vitis_ws/jump_box_controller/hw/jump_box_controller_finale.xsa
TRACE::2023-01-13.02:07:43::SCWPlatform::DSA directory D:/Bruh_ELE_ELECTRONIC_ENGINEERING-B_LAB/Lab06-Project/vitis_ws/jump_box_controller/hw
TRACE::2023-01-13.02:07:43::SCWPlatform:: Platform Path D:/Bruh_ELE_ELECTRONIC_ENGINEERING-B_LAB/Lab06-Project/vitis_ws/jump_box_controller/hw/jump_box_controller_finale.xsa
TRACE::2023-01-13.02:07:43::SCWPlatform:: Unique name xilinx:nexys-a7-100t::0.0
TRACE::2023-01-13.02:07:43::SCWPlatform::Trying to set the existing hwdb with name design_1_wrapper_43
TRACE::2023-01-13.02:07:43::SCWPlatform::Opened existing hwdb design_1_wrapper_43
TRACE::2023-01-13.02:07:43::SCWPlatform::Found the Hw Db part of the input DSA
TRACE::2023-01-13.02:07:43::SCWMssOS::Checking the sw design at  D:/Bruh_ELE_ELECTRONIC_ENGINEERING-B_LAB/Lab06-Project/vitis_ws/jump_box_controller/microblaze_0/standalone_microblaze_0/bsp/system.mss
TRACE::2023-01-13.02:07:43::SCWMssOS::DEBUG:  swdes dump  D:/Bruh_ELE_ELECTRONIC_ENGINEERING-B_LAB/Lab06-Project/vitis_ws/jump_box_controller/microblaze_0/standalone_microblaze_0/bsp/system.mss|system||

TRACE::2023-01-13.02:07:43::SCWMssOS::Sw design exists and opened at  D:/Bruh_ELE_ELECTRONIC_ENGINEERING-B_LAB/Lab06-Project/vitis_ws/jump_box_controller/microblaze_0/standalone_microblaze_0/bsp/system.mss
TRACE::2023-01-13.02:07:43::SCWMssOS::Completed writing the mss file at D:/Bruh_ELE_ELECTRONIC_ENGINEERING-B_LAB/Lab06-Project/vitis_ws/jump_box_controller/microblaze_0/standalone_microblaze_0/bsp
TRACE::2023-01-13.02:07:43::SCWMssOS::Mss edits present, copying mssfile into export location D:/Bruh_ELE_ELECTRONIC_ENGINEERING-B_LAB/Lab06-Project/vitis_ws/jump_box_controller/microblaze_0/standalone_microblaze_0/bsp/system.mss
TRACE::2023-01-13.02:07:43::SCWMssOS::bsp generated is upto date with the mss file. Skipping bsp generation.
TRACE::2023-01-13.02:07:43::SCWMssOS::BSP is already built. skipping the bsp build ... 
TRACE::2023-01-13.02:07:43::SCWDomain::Building the domain as part of full build :  standalone_microblaze_0
TRACE::2023-01-13.02:07:43::SCWMssOS::doing bsp build ... 
TRACE::2023-01-13.02:07:43::SCWMssOS::System Command Ran  D: & cd  D:/Bruh_ELE_ELECTRONIC_ENGINEERING-B_LAB/Lab06-Project/vitis_ws/jump_box_controller/microblaze_0/standalone_microblaze_0/bsp & make 
TRACE::2023-01-13.02:07:43::SCWMssOS::make --no-print-directory seq_libs

TRACE::2023-01-13.02:07:43::SCWMssOS::"Running Make include in microblaze_0/libsrc/bram_v4_8/src"

TRACE::2023-01-13.02:07:43::SCWMssOS::make -C microblaze_0/libsrc/bram_v4_8/src -s include  "SHELL=CMD" "COMPILER=mb-gcc" "ASSEMBLER=mb-as" "ARCHIVER=mb-ar" "COMPILE
TRACE::2023-01-13.02:07:43::SCWMssOS::R_FLAGS=  -O2 -c -mcpu=v11.0 -mhard-float -mlittle-endian -mno-xl-soft-div -mno-xl-soft-mul -mxl-barrel-shift -mxl-float-conver
TRACE::2023-01-13.02:07:43::SCWMssOS::t -mxl-float-sqrt -mxl-multiply-high -mxl-pattern-compare" "EXTRA_COMPILER_FLAGS=-g -ffunction-sections -fdata-sections -Wall -
TRACE::2023-01-13.02:07:43::SCWMssOS::Wextra -fno-tree-loop-distribute-patterns"

TRACE::2023-01-13.02:07:43::SCWMssOS::"Running Make include in microblaze_0/libsrc/cpu_v2_16/src"

TRACE::2023-01-13.02:07:43::SCWMssOS::make -C microblaze_0/libsrc/cpu_v2_16/src -s include  "SHELL=CMD" "COMPILER=mb-gcc" "ASSEMBLER=mb-as" "ARCHIVER=mb-ar" "COMPILE
TRACE::2023-01-13.02:07:43::SCWMssOS::R_FLAGS=  -O2 -c -mcpu=v11.0 -mhard-float -mlittle-endian -mno-xl-soft-div -mno-xl-soft-mul -mxl-barrel-shift -mxl-float-conver
TRACE::2023-01-13.02:07:43::SCWMssOS::t -mxl-float-sqrt -mxl-multiply-high -mxl-pattern-compare" "EXTRA_COMPILER_FLAGS=-g -ffunction-sections -fdata-sections -Wall -
TRACE::2023-01-13.02:07:43::SCWMssOS::Wextra -fno-tree-loop-distribute-patterns"

TRACE::2023-01-13.02:07:43::SCWMssOS::"Running Make include in microblaze_0/libsrc/gpio_v4_9/src"

TRACE::2023-01-13.02:07:43::SCWMssOS::make -C microblaze_0/libsrc/gpio_v4_9/src -s include  "SHELL=CMD" "COMPILER=mb-gcc" "ASSEMBLER=mb-as" "ARCHIVER=mb-ar" "COMPILE
TRACE::2023-01-13.02:07:43::SCWMssOS::R_FLAGS=  -O2 -c -mcpu=v11.0 -mhard-float -mlittle-endian -mno-xl-soft-div -mno-xl-soft-mul -mxl-barrel-shift -mxl-float-conver
TRACE::2023-01-13.02:07:43::SCWMssOS::t -mxl-float-sqrt -mxl-multiply-high -mxl-pattern-compare" "EXTRA_COMPILER_FLAGS=-g -ffunction-sections -fdata-sections -Wall -
TRACE::2023-01-13.02:07:43::SCWMssOS::Wextra -fno-tree-loop-distribute-patterns"

TRACE::2023-01-13.02:07:43::SCWMssOS::"Running Make include in microblaze_0/libsrc/intc_v3_15/src"

TRACE::2023-01-13.02:07:43::SCWMssOS::make -C microblaze_0/libsrc/intc_v3_15/src -s include  "SHELL=CMD" "COMPILER=mb-gcc" "ASSEMBLER=mb-as" "ARCHIVER=mb-ar" "COMPIL
TRACE::2023-01-13.02:07:43::SCWMssOS::ER_FLAGS=  -O2 -c -mcpu=v11.0 -mhard-float -mlittle-endian -mno-xl-soft-div -mno-xl-soft-mul -mxl-barrel-shift -mxl-float-conve
TRACE::2023-01-13.02:07:43::SCWMssOS::rt -mxl-float-sqrt -mxl-multiply-high -mxl-pattern-compare" "EXTRA_COMPILER_FLAGS=-g -ffunction-sections -fdata-sections -Wall 
TRACE::2023-01-13.02:07:43::SCWMssOS::-Wextra -fno-tree-loop-distribute-patterns"

TRACE::2023-01-13.02:07:43::SCWMssOS::"Running Make include in microblaze_0/libsrc/PmodOLEDrgb_v1_0/src"

TRACE::2023-01-13.02:07:43::SCWMssOS::make -C microblaze_0/libsrc/PmodOLEDrgb_v1_0/src -s include  "SHELL=CMD" "COMPILER=mb-gcc" "ASSEMBLER=mb-as" "ARCHIVER=mb-ar" "
TRACE::2023-01-13.02:07:43::SCWMssOS::COMPILER_FLAGS=  -O2 -c -mcpu=v11.0 -mhard-float -mlittle-endian -mno-xl-soft-div -mno-xl-soft-mul -mxl-barrel-shift -mxl-float
TRACE::2023-01-13.02:07:43::SCWMssOS::-convert -mxl-float-sqrt -mxl-multiply-high -mxl-pattern-compare" "EXTRA_COMPILER_FLAGS=-g -ffunction-sections -fdata-sections 
TRACE::2023-01-13.02:07:43::SCWMssOS::-Wall -Wextra -fno-tree-loop-distribute-patterns"

TRACE::2023-01-13.02:07:43::SCWMssOS::"Running Make include in microblaze_0/libsrc/standalone_v8_0/src"

TRACE::2023-01-13.02:07:43::SCWMssOS::make -C microblaze_0/libsrc/standalone_v8_0/src -s include  "SHELL=CMD" "COMPILER=mb-gcc" "ASSEMBLER=mb-as" "ARCHIVER=mb-ar" "C
TRACE::2023-01-13.02:07:43::SCWMssOS::OMPILER_FLAGS=  -O2 -c -mcpu=v11.0 -mhard-float -mlittle-endian -mno-xl-soft-div -mno-xl-soft-mul -mxl-barrel-shift -mxl-float-
TRACE::2023-01-13.02:07:43::SCWMssOS::convert -mxl-float-sqrt -mxl-multiply-high -mxl-pattern-compare" "EXTRA_COMPILER_FLAGS=-g -ffunction-sections -fdata-sections -
TRACE::2023-01-13.02:07:43::SCWMssOS::Wall -Wextra -fno-tree-loop-distribute-patterns"

TRACE::2023-01-13.02:07:44::SCWMssOS::"Running Make include in microblaze_0/libsrc/uartlite_v3_7/src"

TRACE::2023-01-13.02:07:44::SCWMssOS::make -C microblaze_0/libsrc/uartlite_v3_7/src -s include  "SHELL=CMD" "COMPILER=mb-gcc" "ASSEMBLER=mb-as" "ARCHIVER=mb-ar" "COM
TRACE::2023-01-13.02:07:44::SCWMssOS::PILER_FLAGS=  -O2 -c -mcpu=v11.0 -mhard-float -mlittle-endian -mno-xl-soft-div -mno-xl-soft-mul -mxl-barrel-shift -mxl-float-co
TRACE::2023-01-13.02:07:44::SCWMssOS::nvert -mxl-float-sqrt -mxl-multiply-high -mxl-pattern-compare" "EXTRA_COMPILER_FLAGS=-g -ffunction-sections -fdata-sections -Wa
TRACE::2023-01-13.02:07:44::SCWMssOS::ll -Wextra -fno-tree-loop-distribute-patterns"

TRACE::2023-01-13.02:07:44::SCWMssOS::"Running Make libs in microblaze_0/libsrc/PmodOLEDrgb_v1_0/src"

TRACE::2023-01-13.02:07:44::SCWMssOS::make -C microblaze_0/libsrc/PmodOLEDrgb_v1_0/src -s libs  "SHELL=CMD" "COMPILER=mb-gcc" "ASSEMBLER=mb-as" "ARCHIVER=mb-ar" "COM
TRACE::2023-01-13.02:07:44::SCWMssOS::PILER_FLAGS=  -O2 -c -mcpu=v11.0 -mhard-float -mlittle-endian -mno-xl-soft-div -mno-xl-soft-mul -mxl-barrel-shift -mxl-float-co
TRACE::2023-01-13.02:07:44::SCWMssOS::nvert -mxl-float-sqrt -mxl-multiply-high -mxl-pattern-compare" "EXTRA_COMPILER_FLAGS=-g -ffunction-sections -fdata-sections -Wa
TRACE::2023-01-13.02:07:44::SCWMssOS::ll -Wextra -fno-tree-loop-distribute-patterns"

TRACE::2023-01-13.02:07:44::SCWMssOS::"Compiling pmodOLEDrgb"

TRACE::2023-01-13.02:07:45::SCWMssOS::'Finished building libraries sequentially.'

TRACE::2023-01-13.02:07:45::SCWMssOS::make -j 14 --no-print-directory par_libs

TRACE::2023-01-13.02:07:45::SCWMssOS::"Running Make include in microblaze_0/libsrc/bram_v4_8/src"

TRACE::2023-01-13.02:07:45::SCWMssOS::"Running Make include in microblaze_0/libsrc/cpu_v2_16/src"

TRACE::2023-01-13.02:07:45::SCWMssOS::make -C microblaze_0/libsrc/bram_v4_8/src -s include  "SHELL=CMD" "COMPILER=mb-gcc" "ASSEMBLER=mb-as" "ARCHIVER=mb-ar" "COMPILE
TRACE::2023-01-13.02:07:45::SCWMssOS::R_FLAGS=  -O2 -c -mcpu=v11.0 -mhard-float -mlittle-endian -mno-xl-soft-div -mno-xl-soft-mul -mxl-barrel-shift -mxl-float-conver
TRACE::2023-01-13.02:07:45::SCWMssOS::t -mxl-float-sqrt -mxl-multiply-high -mxl-pattern-compare" "EXTRA_COMPILER_FLAGS=-g -ffunction-sections -fdata-sections -Wall -
TRACE::2023-01-13.02:07:45::SCWMssOS::Wextra -fno-tree-loop-distribute-patterns"

TRACE::2023-01-13.02:07:45::SCWMssOS::make -C microblaze_0/libsrc/cpu_v2_16/src -s include  "SHELL=CMD" "COMPILER=mb-gcc" "ASSEMBLER=mb-as" "ARCHIVER=mb-ar" "COMPILE
TRACE::2023-01-13.02:07:45::SCWMssOS::R_FLAGS=  -O2 -c -mcpu=v11.0 -mhard-float -mlittle-endian -mno-xl-soft-div -mno-xl-soft-mul -mxl-barrel-shift -mxl-float-conver
TRACE::2023-01-13.02:07:45::SCWMssOS::t -mxl-float-sqrt -mxl-multiply-high -mxl-pattern-compare" "EXTRA_COMPILER_FLAGS=-g -ffunction-sections -fdata-sections -Wall -
TRACE::2023-01-13.02:07:45::SCWMssOS::Wextra -fno-tree-loop-distribute-patterns"

TRACE::2023-01-13.02:07:45::SCWMssOS::"Running Make include in microblaze_0/libsrc/gpio_v4_9/src"

TRACE::2023-01-13.02:07:45::SCWMssOS::make -C microblaze_0/libsrc/gpio_v4_9/src -s include  "SHELL=CMD" "COMPILER=mb-gcc" "ASSEMBLER=mb-as" "ARCHIVER=mb-ar" "COMPILE
TRACE::2023-01-13.02:07:45::SCWMssOS::R_FLAGS=  -O2 -c -mcpu=v11.0 -mhard-float -mlittle-endian -mno-xl-soft-div -mno-xl-soft-mul -mxl-barrel-shift -mxl-float-conver
TRACE::2023-01-13.02:07:45::SCWMssOS::t -mxl-float-sqrt -mxl-multiply-high -mxl-pattern-compare" "EXTRA_COMPILER_FLAGS=-g -ffunction-sections -fdata-sections -Wall -
TRACE::2023-01-13.02:07:45::SCWMssOS::Wextra -fno-tree-loop-distribute-patterns"

TRACE::2023-01-13.02:07:45::SCWMssOS::"Running Make include in microblaze_0/libsrc/intc_v3_15/src"

TRACE::2023-01-13.02:07:45::SCWMssOS::make -C microblaze_0/libsrc/intc_v3_15/src -s include  "SHELL=CMD" "COMPILER=mb-gcc" "ASSEMBLER=mb-as" "ARCHIVER=mb-ar" "COMPIL
TRACE::2023-01-13.02:07:45::SCWMssOS::ER_FLAGS=  -O2 -c -mcpu=v11.0 -mhard-float -mlittle-endian -mno-xl-soft-div -mno-xl-soft-mul -mxl-barrel-shift -mxl-float-conve
TRACE::2023-01-13.02:07:45::SCWMssOS::rt -mxl-float-sqrt -mxl-multiply-high -mxl-pattern-compare" "EXTRA_COMPILER_FLAGS=-g -ffunction-sections -fdata-sections -Wall 
TRACE::2023-01-13.02:07:45::SCWMssOS::-Wextra -fno-tree-loop-distribute-patterns"

TRACE::2023-01-13.02:07:45::SCWMssOS::"Running Make include in microblaze_0/libsrc/PmodOLEDrgb_v1_0/src"

TRACE::2023-01-13.02:07:45::SCWMssOS::make -C microblaze_0/libsrc/PmodOLEDrgb_v1_0/src -s include  "SHELL=CMD" "COMPILER=mb-gcc" "ASSEMBLER=mb-as" "ARCHIVER=mb-ar" "
TRACE::2023-01-13.02:07:45::SCWMssOS::COMPILER_FLAGS=  -O2 -c -mcpu=v11.0 -mhard-float -mlittle-endian -mno-xl-soft-div -mno-xl-soft-mul -mxl-barrel-shift -mxl-float
TRACE::2023-01-13.02:07:45::SCWMssOS::-convert -mxl-float-sqrt -mxl-multiply-high -mxl-pattern-compare" "EXTRA_COMPILER_FLAGS=-g -ffunction-sections -fdata-sections 
TRACE::2023-01-13.02:07:45::SCWMssOS::-Wall -Wextra -fno-tree-loop-distribute-patterns"

TRACE::2023-01-13.02:07:45::SCWMssOS::"Running Make include in microblaze_0/libsrc/standalone_v8_0/src"

TRACE::2023-01-13.02:07:45::SCWMssOS::make -C microblaze_0/libsrc/standalone_v8_0/src -s include  "SHELL=CMD" "COMPILER=mb-gcc" "ASSEMBLER=mb-as" "ARCHIVER=mb-ar" "C
TRACE::2023-01-13.02:07:45::SCWMssOS::OMPILER_FLAGS=  -O2 -c -mcpu=v11.0 -mhard-float -mlittle-endian -mno-xl-soft-div -mno-xl-soft-mul -mxl-barrel-shift -mxl-float-
TRACE::2023-01-13.02:07:45::SCWMssOS::convert -mxl-float-sqrt -mxl-multiply-high -mxl-pattern-compare" "EXTRA_COMPILER_FLAGS=-g -ffunction-sections -fdata-sections -
TRACE::2023-01-13.02:07:45::SCWMssOS::Wall -Wextra -fno-tree-loop-distribute-patterns"

TRACE::2023-01-13.02:07:45::SCWMssOS::"Running Make include in microblaze_0/libsrc/uartlite_v3_7/src"

TRACE::2023-01-13.02:07:45::SCWMssOS::make -C microblaze_0/libsrc/uartlite_v3_7/src -s include  "SHELL=CMD" "COMPILER=mb-gcc" "ASSEMBLER=mb-as" "ARCHIVER=mb-ar" "COM
TRACE::2023-01-13.02:07:45::SCWMssOS::PILER_FLAGS=  -O2 -c -mcpu=v11.0 -mhard-float -mlittle-endian -mno-xl-soft-div -mno-xl-soft-mul -mxl-barrel-shift -mxl-float-co
TRACE::2023-01-13.02:07:45::SCWMssOS::nvert -mxl-float-sqrt -mxl-multiply-high -mxl-pattern-compare" "EXTRA_COMPILER_FLAGS=-g -ffunction-sections -fdata-sections -Wa
TRACE::2023-01-13.02:07:45::SCWMssOS::ll -Wextra -fno-tree-loop-distribute-patterns"

TRACE::2023-01-13.02:07:45::SCWMssOS::"Running Make libs in microblaze_0/libsrc/bram_v4_8/src"

TRACE::2023-01-13.02:07:45::SCWMssOS::make -C microblaze_0/libsrc/bram_v4_8/src -s libs  "SHELL=CMD" "COMPILER=mb-gcc" "ASSEMBLER=mb-as" "ARCHIVER=mb-ar" "COMPILER_F
TRACE::2023-01-13.02:07:45::SCWMssOS::LAGS=  -O2 -c -mcpu=v11.0 -mhard-float -mlittle-endian -mno-xl-soft-div -mno-xl-soft-mul -mxl-barrel-shift -mxl-float-convert -
TRACE::2023-01-13.02:07:45::SCWMssOS::mxl-float-sqrt -mxl-multiply-high -mxl-pattern-compare" "EXTRA_COMPILER_FLAGS=-g -ffunction-sections -fdata-sections -Wall -Wex
TRACE::2023-01-13.02:07:45::SCWMssOS::tra -fno-tree-loop-distribute-patterns"

TRACE::2023-01-13.02:07:45::SCWMssOS::"Running Make libs in microblaze_0/libsrc/cpu_v2_16/src"

TRACE::2023-01-13.02:07:45::SCWMssOS::make -C microblaze_0/libsrc/cpu_v2_16/src -s libs  "SHELL=CMD" "COMPILER=mb-gcc" "ASSEMBLER=mb-as" "ARCHIVER=mb-ar" "COMPILER_F
TRACE::2023-01-13.02:07:45::SCWMssOS::LAGS=  -O2 -c -mcpu=v11.0 -mhard-float -mlittle-endian -mno-xl-soft-div -mno-xl-soft-mul -mxl-barrel-shift -mxl-float-convert -
TRACE::2023-01-13.02:07:45::SCWMssOS::mxl-float-sqrt -mxl-multiply-high -mxl-pattern-compare" "EXTRA_COMPILER_FLAGS=-g -ffunction-sections -fdata-sections -Wall -Wex
TRACE::2023-01-13.02:07:45::SCWMssOS::tra -fno-tree-loop-distribute-patterns"

TRACE::2023-01-13.02:07:45::SCWMssOS::"Running Make libs in microblaze_0/libsrc/gpio_v4_9/src"

TRACE::2023-01-13.02:07:45::SCWMssOS::make -C microblaze_0/libsrc/gpio_v4_9/src -s libs  "SHELL=CMD" "COMPILER=mb-gcc" "ASSEMBLER=mb-as" "ARCHIVER=mb-ar" "COMPILER_F
TRACE::2023-01-13.02:07:45::SCWMssOS::LAGS=  -O2 -c -mcpu=v11.0 -mhard-float -mlittle-endian -mno-xl-soft-div -mno-xl-soft-mul -mxl-barrel-shift -mxl-float-convert -
TRACE::2023-01-13.02:07:45::SCWMssOS::mxl-float-sqrt -mxl-multiply-high -mxl-pattern-compare" "EXTRA_COMPILER_FLAGS=-g -ffunction-sections -fdata-sections -Wall -Wex
TRACE::2023-01-13.02:07:45::SCWMssOS::tra -fno-tree-loop-distribute-patterns"

TRACE::2023-01-13.02:07:45::SCWMssOS::"Running Make libs in microblaze_0/libsrc/intc_v3_15/src"

TRACE::2023-01-13.02:07:45::SCWMssOS::make -C microblaze_0/libsrc/intc_v3_15/src -s libs  "SHELL=CMD" "COMPILER=mb-gcc" "ASSEMBLER=mb-as" "ARCHIVER=mb-ar" "COMPILER_
TRACE::2023-01-13.02:07:45::SCWMssOS::FLAGS=  -O2 -c -mcpu=v11.0 -mhard-float -mlittle-endian -mno-xl-soft-div -mno-xl-soft-mul -mxl-barrel-shift -mxl-float-convert 
TRACE::2023-01-13.02:07:45::SCWMssOS::-mxl-float-sqrt -mxl-multiply-high -mxl-pattern-compare" "EXTRA_COMPILER_FLAGS=-g -ffunction-sections -fdata-sections -Wall -We
TRACE::2023-01-13.02:07:45::SCWMssOS::xtra -fno-tree-loop-distribute-patterns"

TRACE::2023-01-13.02:07:45::SCWMssOS::"Running Make libs in microblaze_0/libsrc/standalone_v8_0/src"

TRACE::2023-01-13.02:07:45::SCWMssOS::make -C microblaze_0/libsrc/standalone_v8_0/src -s libs  "SHELL=CMD" "COMPILER=mb-gcc" "ASSEMBLER=mb-as" "ARCHIVER=mb-ar" "COMP
TRACE::2023-01-13.02:07:45::SCWMssOS::ILER_FLAGS=  -O2 -c -mcpu=v11.0 -mhard-float -mlittle-endian -mno-xl-soft-div -mno-xl-soft-mul -mxl-barrel-shift -mxl-float-con
TRACE::2023-01-13.02:07:45::SCWMssOS::vert -mxl-float-sqrt -mxl-multiply-high -mxl-pattern-compare" "EXTRA_COMPILER_FLAGS=-g -ffunction-sections -fdata-sections -Wal
TRACE::2023-01-13.02:07:45::SCWMssOS::l -Wextra -fno-tree-loop-distribute-patterns"

TRACE::2023-01-13.02:07:45::SCWMssOS::"Running Make libs in microblaze_0/libsrc/uartlite_v3_7/src"

TRACE::2023-01-13.02:07:45::SCWMssOS::make -C microblaze_0/libsrc/uartlite_v3_7/src -s libs  "SHELL=CMD" "COMPILER=mb-gcc" "ASSEMBLER=mb-as" "ARCHIVER=mb-ar" "COMPIL
TRACE::2023-01-13.02:07:45::SCWMssOS::ER_FLAGS=  -O2 -c -mcpu=v11.0 -mhard-float -mlittle-endian -mno-xl-soft-div -mno-xl-soft-mul -mxl-barrel-shift -mxl-float-conve
TRACE::2023-01-13.02:07:45::SCWMssOS::rt -mxl-float-sqrt -mxl-multiply-high -mxl-pattern-compare" "EXTRA_COMPILER_FLAGS=-g -ffunction-sections -fdata-sections -Wall 
TRACE::2023-01-13.02:07:45::SCWMssOS::-Wextra -fno-tree-loop-distribute-patterns"

TRACE::2023-01-13.02:07:46::SCWMssOS::"DEBUG NON_LTO_OBJECTS is ../../../lib/microblaze_interrupt_handler.o"

TRACE::2023-01-13.02:07:46::SCWMssOS::'Finished building libraries parallelly.'

TRACE::2023-01-13.02:07:46::SCWMssOS::make --no-print-directory archive

TRACE::2023-01-13.02:07:46::SCWMssOS::mb-ar -r  microblaze_0/lib/libxil.a microblaze_0/lib/_exit.o microblaze_0/lib/errno.o microblaze_0/lib/fcntl.o microblaze_0/lib
TRACE::2023-01-13.02:07:46::SCWMssOS::/hw_exception_handler.o microblaze_0/lib/inbyte.o microblaze_0/lib/microblaze_disable_dcache.o microblaze_0/lib/microblaze_disa
TRACE::2023-01-13.02:07:46::SCWMssOS::ble_exceptions.o microblaze_0/lib/microblaze_disable_icache.o microblaze_0/lib/microblaze_disable_interrupts.o microblaze_0/lib
TRACE::2023-01-13.02:07:46::SCWMssOS::/microblaze_enable_dcache.o microblaze_0/lib/microblaze_enable_exceptions.o microblaze_0/lib/microblaze_enable_icache.o microbl
TRACE::2023-01-13.02:07:46::SCWMssOS::aze_0/lib/microblaze_enable_interrupts.o microblaze_0/lib/microblaze_exception_handler.o microblaze_0/lib/microblaze_flush_cach
TRACE::2023-01-13.02:07:46::SCWMssOS::e_ext.o microblaze_0/lib/microblaze_flush_cache_ext_range.o microblaze_0/lib/microblaze_flush_dcache.o microblaze_0/lib/microbl
TRACE::2023-01-13.02:07:46::SCWMssOS::aze_flush_dcache_range.o microblaze_0/lib/microblaze_init_dcache_range.o microblaze_0/lib/microblaze_init_icache_range.o microb
TRACE::2023-01-13.02:07:46::SCWMssOS::laze_0/lib/microblaze_interrupt_handler.o microblaze_0/lib/microblaze_interrupts_g.o microblaze_0/lib/microblaze_invalidate_cac
TRACE::2023-01-13.02:07:46::SCWMssOS::he_ext.o microblaze_0/lib/microblaze_invalidate_cache_ext_range.o microblaze_0/lib/microblaze_invalidate_dcache.o microblaze_0/
TRACE::2023-01-13.02:07:46::SCWMssOS::lib/microblaze_invalidate_dcache_range.o microblaze_0/lib/microblaze_invalidate_icache.o microblaze_0/lib/microblaze_invalidate
TRACE::2023-01-13.02:07:46::SCWMssOS::_icache_range.o microblaze_0/lib/microblaze_scrub.o microblaze_0/lib/microblaze_selftest.o microblaze_0/lib/microblaze_sleep.o 
TRACE::2023-01-13.02:07:46::SCWMssOS::microblaze_0/lib/microblaze_update_dcache.o microblaze_0/lib/microblaze_update_icache.o microblaze_0/lib/outbyte.o microblaze_0
TRACE::2023-01-13.02:07:46::SCWMssOS::/lib/print.o microblaze_0/lib/pvr.o microblaze_0/lib/xbram.o microblaze_0/lib/xbram_g.o microblaze_0/lib/xbram_intr.o microblaz
TRACE::2023-01-13.02:07:46::SCWMssOS::e_0/lib/xbram_selftest.o microblaze_0/lib/xbram_sinit.o microblaze_0/lib/xgpio.o microblaze_0/lib/xgpio_extra.o microblaze_0/li
TRACE::2023-01-13.02:07:46::SCWMssOS::b/xgpio_g.o microblaze_0/lib/xgpio_intr.o microblaze_0/lib/xgpio_selftest.o microblaze_0/lib/xgpio_sinit.o microblaze_0/lib/xil
TRACE::2023-01-13.02:07:46::SCWMssOS::_assert.o microblaze_0/lib/xil_cache.o microblaze_0/lib/xil_clocking.o microblaze_0/lib/xil_exception.o microblaze_0/lib/xil_me
TRACE::2023-01-13.02:07:46::SCWMssOS::m.o microblaze_0/lib/xil_misc_psreset_api.o microblaze_0/lib/xil_printf.o microblaze_0/lib/xil_sleepcommon.o microblaze_0/lib/x
TRACE::2023-01-13.02:07:46::SCWMssOS::il_testcache.o microblaze_0/lib/xil_testio.o microblaze_0/lib/xil_testmem.o microblaze_0/lib/xil_util.o microblaze_0/lib/xintc.
TRACE::2023-01-13.02:07:46::SCWMssOS::o microblaze_0/lib/xintc_g.o microblaze_0/lib/xintc_intr.o microblaze_0/lib/xintc_l.o microblaze_0/lib/xintc_options.o microbla
TRACE::2023-01-13.02:07:46::SCWMssOS::ze_0/lib/xintc_selftest.o microblaze_0/lib/xinterrupt_wrap.o microblaze_0/lib/xio.o microblaze_0/lib/xplatform_info.o microblaz
TRACE::2023-01-13.02:07:46::SCWMssOS::e_0/lib/xuartlite.o microblaze_0/lib/xuartlite_g.o microblaze_0/lib/xuartlite_intr.o microblaze_0/lib/xuartlite_l.o microblaze_
TRACE::2023-01-13.02:07:46::SCWMssOS::0/lib/xuartlite_selftest.o microblaze_0/lib/xuartlite_sinit.o microblaze_0/lib/xuartlite_stats.o

TRACE::2023-01-13.02:07:46::SCWMssOS::'Finished building libraries'

TRACE::2023-01-13.02:07:46::SCWMssOS::Copying to export directory.
TRACE::2023-01-13.02:07:46::SCWMssOS:: Checking if to create the Supporting Applications
TRACE::2023-01-13.02:07:46::SCWMssOS:: No Linux domain exists, trying to generate FSBL 
LOG::2023-01-13.02:07:46::SCWSystem::Completed Processing the domain standalone_microblaze_0
LOG::2023-01-13.02:07:46::SCWSystem::Completed Processing the sysconfig jump_box_controller
LOG::2023-01-13.02:07:46::SCWPlatform::Completed generating the artifacts for system configuration jump_box_controller
TRACE::2023-01-13.02:07:46::SCWPlatform::Started preparing the platform 
TRACE::2023-01-13.02:07:46::SCWSystem::Writing the bif file for system config jump_box_controller
TRACE::2023-01-13.02:07:46::SCWSystem::dir created 
TRACE::2023-01-13.02:07:46::SCWSystem::Writing the bif 
TRACE::2023-01-13.02:07:46::SCWPlatform::Started writing the spfm file 
TRACE::2023-01-13.02:07:46::SCWPlatform::Started writing the xpfm file 
TRACE::2023-01-13.02:07:46::SCWPlatform::Completed generating the platform
TRACE::2023-01-13.02:07:46::SCWMssOS::Saving the mss changes D:/Bruh_ELE_ELECTRONIC_ENGINEERING-B_LAB/Lab06-Project/vitis_ws/jump_box_controller/microblaze_0/standalone_microblaze_0/bsp/system.mss
TRACE::2023-01-13.02:07:46::SCWMssOS::Found a swdesign opened with the mssfile.
TRACE::2023-01-13.02:07:46::SCWMssOS::Completed writemss as part of save.
TRACE::2023-01-13.02:07:46::SCWMssOS::Commit changes completed.
TRACE::2023-01-13.02:07:46::SCWPlatform::Trying to open the hw design at D:/Bruh_ELE_ELECTRONIC_ENGINEERING-B_LAB/Lab06-Project/vitis_ws/jump_box_controller/hw/jump_box_controller_finale.xsa
TRACE::2023-01-13.02:07:46::SCWPlatform::DSA given D:/Bruh_ELE_ELECTRONIC_ENGINEERING-B_LAB/Lab06-Project/vitis_ws/jump_box_controller/hw/jump_box_controller_finale.xsa
TRACE::2023-01-13.02:07:46::SCWPlatform::DSA absoulate path D:/Bruh_ELE_ELECTRONIC_ENGINEERING-B_LAB/Lab06-Project/vitis_ws/jump_box_controller/hw/jump_box_controller_finale.xsa
TRACE::2023-01-13.02:07:46::SCWPlatform::DSA directory D:/Bruh_ELE_ELECTRONIC_ENGINEERING-B_LAB/Lab06-Project/vitis_ws/jump_box_controller/hw
TRACE::2023-01-13.02:07:46::SCWPlatform:: Platform Path D:/Bruh_ELE_ELECTRONIC_ENGINEERING-B_LAB/Lab06-Project/vitis_ws/jump_box_controller/hw/jump_box_controller_finale.xsa
TRACE::2023-01-13.02:07:46::SCWPlatform:: Unique name xilinx:nexys-a7-100t::0.0
TRACE::2023-01-13.02:07:46::SCWPlatform::Trying to set the existing hwdb with name design_1_wrapper_43
TRACE::2023-01-13.02:07:46::SCWPlatform::Opened existing hwdb design_1_wrapper_43
TRACE::2023-01-13.02:07:46::SCWPlatform::Found the Hw Db part of the input DSA
TRACE::2023-01-13.02:07:46::SCWMssOS::Checking the sw design at  D:/Bruh_ELE_ELECTRONIC_ENGINEERING-B_LAB/Lab06-Project/vitis_ws/jump_box_controller/microblaze_0/standalone_microblaze_0/bsp/system.mss
TRACE::2023-01-13.02:07:46::SCWMssOS::DEBUG:  swdes dump  D:/Bruh_ELE_ELECTRONIC_ENGINEERING-B_LAB/Lab06-Project/vitis_ws/jump_box_controller/microblaze_0/standalone_microblaze_0/bsp/system.mss|system||

TRACE::2023-01-13.02:07:46::SCWMssOS::Sw design exists and opened at  D:/Bruh_ELE_ELECTRONIC_ENGINEERING-B_LAB/Lab06-Project/vitis_ws/jump_box_controller/microblaze_0/standalone_microblaze_0/bsp/system.mss
TRACE::2023-01-13.02:07:46::SCWPlatform::Trying to open the hw design at D:/Bruh_ELE_ELECTRONIC_ENGINEERING-B_LAB/Lab06-Project/vitis_ws/jump_box_controller/hw/jump_box_controller_finale.xsa
TRACE::2023-01-13.02:07:46::SCWPlatform::DSA given D:/Bruh_ELE_ELECTRONIC_ENGINEERING-B_LAB/Lab06-Project/vitis_ws/jump_box_controller/hw/jump_box_controller_finale.xsa
TRACE::2023-01-13.02:07:46::SCWPlatform::DSA absoulate path D:/Bruh_ELE_ELECTRONIC_ENGINEERING-B_LAB/Lab06-Project/vitis_ws/jump_box_controller/hw/jump_box_controller_finale.xsa
TRACE::2023-01-13.02:07:46::SCWPlatform::DSA directory D:/Bruh_ELE_ELECTRONIC_ENGINEERING-B_LAB/Lab06-Project/vitis_ws/jump_box_controller/hw
TRACE::2023-01-13.02:07:46::SCWPlatform:: Platform Path D:/Bruh_ELE_ELECTRONIC_ENGINEERING-B_LAB/Lab06-Project/vitis_ws/jump_box_controller/hw/jump_box_controller_finale.xsa
TRACE::2023-01-13.02:07:46::SCWPlatform:: Unique name xilinx:nexys-a7-100t::0.0
TRACE::2023-01-13.02:07:46::SCWPlatform::Trying to set the existing hwdb with name design_1_wrapper_43
TRACE::2023-01-13.02:07:46::SCWPlatform::Opened existing hwdb design_1_wrapper_43
TRACE::2023-01-13.02:07:46::SCWPlatform::Found the Hw Db part of the input DSA
TRACE::2023-01-13.02:07:46::SCWMssOS::Checking the sw design at  D:/Bruh_ELE_ELECTRONIC_ENGINEERING-B_LAB/Lab06-Project/vitis_ws/jump_box_controller/microblaze_0/standalone_microblaze_0/bsp/system.mss
TRACE::2023-01-13.02:07:46::SCWMssOS::DEBUG:  swdes dump  D:/Bruh_ELE_ELECTRONIC_ENGINEERING-B_LAB/Lab06-Project/vitis_ws/jump_box_controller/microblaze_0/standalone_microblaze_0/bsp/system.mss|system||

TRACE::2023-01-13.02:07:46::SCWMssOS::Sw design exists and opened at  D:/Bruh_ELE_ELECTRONIC_ENGINEERING-B_LAB/Lab06-Project/vitis_ws/jump_box_controller/microblaze_0/standalone_microblaze_0/bsp/system.mss
TRACE::2023-01-13.02:07:46::SCWPlatform::Trying to open the hw design at D:/Bruh_ELE_ELECTRONIC_ENGINEERING-B_LAB/Lab06-Project/vitis_ws/jump_box_controller/hw/jump_box_controller_finale.xsa
TRACE::2023-01-13.02:07:46::SCWPlatform::DSA given D:/Bruh_ELE_ELECTRONIC_ENGINEERING-B_LAB/Lab06-Project/vitis_ws/jump_box_controller/hw/jump_box_controller_finale.xsa
TRACE::2023-01-13.02:07:46::SCWPlatform::DSA absoulate path D:/Bruh_ELE_ELECTRONIC_ENGINEERING-B_LAB/Lab06-Project/vitis_ws/jump_box_controller/hw/jump_box_controller_finale.xsa
TRACE::2023-01-13.02:07:46::SCWPlatform::DSA directory D:/Bruh_ELE_ELECTRONIC_ENGINEERING-B_LAB/Lab06-Project/vitis_ws/jump_box_controller/hw
TRACE::2023-01-13.02:07:46::SCWPlatform:: Platform Path D:/Bruh_ELE_ELECTRONIC_ENGINEERING-B_LAB/Lab06-Project/vitis_ws/jump_box_controller/hw/jump_box_controller_finale.xsa
TRACE::2023-01-13.02:07:46::SCWPlatform:: Unique name xilinx:nexys-a7-100t::0.0
TRACE::2023-01-13.02:07:46::SCWPlatform::Trying to set the existing hwdb with name design_1_wrapper_43
TRACE::2023-01-13.02:07:46::SCWPlatform::Opened existing hwdb design_1_wrapper_43
TRACE::2023-01-13.02:07:46::SCWPlatform::Found the Hw Db part of the input DSA
TRACE::2023-01-13.02:07:46::SCWMssOS::Checking the sw design at  D:/Bruh_ELE_ELECTRONIC_ENGINEERING-B_LAB/Lab06-Project/vitis_ws/jump_box_controller/microblaze_0/standalone_microblaze_0/bsp/system.mss
TRACE::2023-01-13.02:07:46::SCWMssOS::DEBUG:  swdes dump  D:/Bruh_ELE_ELECTRONIC_ENGINEERING-B_LAB/Lab06-Project/vitis_ws/jump_box_controller/microblaze_0/standalone_microblaze_0/bsp/system.mss|system||

TRACE::2023-01-13.02:07:46::SCWMssOS::Sw design exists and opened at  D:/Bruh_ELE_ELECTRONIC_ENGINEERING-B_LAB/Lab06-Project/vitis_ws/jump_box_controller/microblaze_0/standalone_microblaze_0/bsp/system.mss
TRACE::2023-01-13.02:07:46::SCWWriter::formatted JSON is {
	"platformName":	"jump_box_controller",
	"sprVersion":	"2.0",
	"mode":	"gui",
	"dsaType":	"Fixed",
	"platformDesc":	"jump_box_controller",
	"platHandOff":	"D:/Bruh_ELE_ELECTRONIC_ENGINEERING-B_LAB/Lab06-Project/Lab6_JumpBlock/jump_box_controller_finale.xsa",
	"platIntHandOff":	"<platformDir>/hw/jump_box_controller_finale.xsa",
	"deviceType":	"FPGA",
	"platIsPrebuiltAutogen":	"false",
	"platIsNoBootBsp":	"false",
	"hasFsblMakeHasChanges":	"false",
	"hasPmufwMakeHasChanges":	"false",
	"platPreBuiltFlag":	false,
	"platformSamplesDir":	"",
	"platActiveSys":	"jump_box_controller",
	"systems":	[{
			"systemName":	"jump_box_controller",
			"systemDesc":	"jump_box_controller",
			"sysIsBootAutoGen":	"true",
			"systemDispName":	"jump_box_controller",
			"sysActiveDom":	"standalone_microblaze_0",
			"sysDefaultDom":	"standalone_microblaze_0",
			"domains":	[{
					"domainName":	"standalone_microblaze_0",
					"domainDispName":	"standalone_microblaze_0",
					"domainDesc":	"standalone_microblaze_0",
					"processors":	"microblaze_0",
					"os":	"standalone",
					"sdxOs":	"standalone",
					"debugEnable":	"False",
					"domRuntimes":	["cpp"],
					"swRepo":	"",
					"mssOsVer":	"8.0",
					"mssFile":	"",
					"md5Digest":	"89e4b43de2ab9587f5447ac729c7863c",
					"compatibleApp":	"empty_application",
					"domType":	"mssDomain",
					"arch":	"32-bit",
					"appSettings":	{
						"appCompilerFlags":	"",
						"appLinkerFlags":	""
					},
					"addedLibs":	[],
					"libOptions":	{
						"libsContainingOptions":	[]
					},
					"prebuiltLibs":	{
						"prebuiltIncPath":	[],
						"prebuiltLibPath":	[]
					},
					"isolation":	{
					}
				}]
		}]
}
KEYINFO::2023-01-13.02:07:46::SCWPlatform::updated the xpfm file.
TRACE::2023-01-13.02:07:47::SCWPlatform::Trying to open the hw design at D:/Bruh_ELE_ELECTRONIC_ENGINEERING-B_LAB/Lab06-Project/vitis_ws/jump_box_controller/hw/jump_box_controller_finale.xsa
TRACE::2023-01-13.02:07:47::SCWPlatform::DSA given D:/Bruh_ELE_ELECTRONIC_ENGINEERING-B_LAB/Lab06-Project/vitis_ws/jump_box_controller/hw/jump_box_controller_finale.xsa
TRACE::2023-01-13.02:07:47::SCWPlatform::DSA absoulate path D:/Bruh_ELE_ELECTRONIC_ENGINEERING-B_LAB/Lab06-Project/vitis_ws/jump_box_controller/hw/jump_box_controller_finale.xsa
TRACE::2023-01-13.02:07:47::SCWPlatform::DSA directory D:/Bruh_ELE_ELECTRONIC_ENGINEERING-B_LAB/Lab06-Project/vitis_ws/jump_box_controller/hw
TRACE::2023-01-13.02:07:47::SCWPlatform:: Platform Path D:/Bruh_ELE_ELECTRONIC_ENGINEERING-B_LAB/Lab06-Project/vitis_ws/jump_box_controller/hw/jump_box_controller_finale.xsa
TRACE::2023-01-13.02:07:47::SCWPlatform:: Unique name xilinx:nexys-a7-100t::0.0
TRACE::2023-01-13.02:07:47::SCWPlatform::Trying to set the existing hwdb with name design_1_wrapper_43
TRACE::2023-01-13.02:07:47::SCWPlatform::Opened existing hwdb design_1_wrapper_43
TRACE::2023-01-13.02:07:47::SCWPlatform::Found the Hw Db part of the input DSA
TRACE::2023-01-13.02:07:47::SCWMssOS::Checking the sw design at  D:/Bruh_ELE_ELECTRONIC_ENGINEERING-B_LAB/Lab06-Project/vitis_ws/jump_box_controller/microblaze_0/standalone_microblaze_0/bsp/system.mss
TRACE::2023-01-13.02:07:47::SCWMssOS::DEBUG:  swdes dump  D:/Bruh_ELE_ELECTRONIC_ENGINEERING-B_LAB/Lab06-Project/vitis_ws/jump_box_controller/microblaze_0/standalone_microblaze_0/bsp/system.mss|system||

TRACE::2023-01-13.02:07:47::SCWMssOS::Sw design exists and opened at  D:/Bruh_ELE_ELECTRONIC_ENGINEERING-B_LAB/Lab06-Project/vitis_ws/jump_box_controller/microblaze_0/standalone_microblaze_0/bsp/system.mss
